This file contains any messages produced by compilers while
running configure, to aid debugging if configure makes a mistake.

It was created by configure, which was
generated by GNU Autoconf 2.59.  Invocation command line was

  $ ./configure --prefix=/c/buildMsys/build32/Tcl

## --------- ##
## Platform. ##
## --------- ##

hostname = winhera
uname -m = i686
uname -r = 1.0.18(0.48/3/2)
uname -s = MINGW32_NT-6.2
uname -v = 2012-11-21 22:34

/usr/bin/uname -p = unknown
/bin/uname -X     = unknown

/bin/arch              = unknown
/usr/bin/arch -k       = unknown
/usr/convex/getsysinfo = unknown
hostinfo               = unknown
/bin/machine           = unknown
/usr/bin/oslevel       = unknown
/bin/universe          = unknown

PATH: /usr/local/bin
PATH: /c/Rtools/mingw_32/bin/
PATH: /bin/


## ----------- ##
## Core tests. ##
## ----------- ##

configure:1403: checking for gcc
configure:1419: found /c/Rtools/mingw_32/bin//gcc
configure:1429: result: gcc
configure:1673: checking for C compiler version
configure:1676: gcc --version </dev/null >&5
gcc.exe (i686-posix-dwarf, Built by MinGW-W64 project) 4.9.3
Copyright (C) 2015 Free Software Foundation, Inc.
This is free software; see the source for copying conditions.  There is NO
warranty; not even for MERCHANTABILITY or FITNESS FOR A PARTICULAR PURPOSE.

configure:1679: $? = 0
configure:1681: gcc -v </dev/null >&5
Using built-in specs.
COLLECT_GCC=c:\Rtools\mingw_32\bin\gcc.exe
COLLECT_LTO_WRAPPER=c:/Rtools/mingw_32/bin/../libexec/gcc/i686-w64-mingw32/4.9.3/lto-wrapper.exe
Target: i686-w64-mingw32
Configured with: ../../../src/gcc-4.9.3/configure --host=i686-w64-mingw32 --build=i686-w64-mingw32 --target=i686-w64-mingw32 --prefix=/mingw32 --with-sysroot=/home/Jeroen/mingw-gcc-4.9.3/i686-493-posix-dwarf-rt_v3-s/mingw32 --with-gxx-include-dir=/mingw32/i686-w64-mingw32/include/c++ --enable-static --disable-shared --disable-multilib --enable-languages=c,c++,fortran,lto --enable-libstdcxx-time=yes --enable-threads=posix --enable-libgomp --enable-libatomic --enable-lto --enable-graphite --enable-checking=release --enable-fully-dynamic-string --enable-version-specific-runtime-libs --disable-sjlj-exceptions --with-dwarf2 --disable-isl-version-check --disable-cloog-version-check --disable-libstdcxx-pch --disable-libstdcxx-debug --enable-bootstrap --disable-rpath --disable-win32-registry --disable-nls --disable-werror --disable-symvers --with-gnu-as --with-gnu-ld --with-arch=i686 --with-tune=generic --with-libiconv --with-system-zlib --with-gmp=/home/Jeroen/mingw-gcc-4.9.3/prerequisites/i686-w64-mingw32-static --with-mpfr=/home/Jeroen/mingw-gcc-4.9.3/prerequisites/i686-w64-mingw32-static --with-mpc=/home/Jeroen/mingw-gcc-4.9.3/prerequisites/i686-w64-mingw32-static --with-isl=/home/Jeroen/mingw-gcc-4.9.3/prerequisites/i686-w64-mingw32-static --with-cloog=/home/Jeroen/mingw-gcc-4.9.3/prerequisites/i686-w64-mingw32-static --enable-cloog-backend=isl --with-pkgversion='i686-posix-dwarf, Built by MinGW-W64 project' --with-bugurl=http://sourceforge.net/projects/mingw-w64 CFLAGS='-O2 -pipe -I/home/Jeroen/mingw-gcc-4.9.3/i686-493-posix-dwarf-rt_v3-s/mingw32/opt/include -I/home/Jeroen/mingw-gcc-4.9.3/prerequisites/i686-zlib-static/include -I/home/Jeroen/mingw-gcc-4.9.3/prerequisites/i686-w64-mingw32-static/include' CXXFLAGS='-O2 -pipe -I/home/Jeroen/mingw-gcc-4.9.3/i686-493-posix-dwarf-rt_v3-s/mingw32/opt/include -I/home/Jeroen/mingw-gcc-4.9.3/prerequisites/i686-zlib-static/include -I/home/Jeroen/mingw-gcc-4.9.3/prerequisites/i686-w64-mingw32-static/include' CPPFLAGS= LDFLAGS='-pipe -L/home/Jeroen/mingw-gcc-4.9.3/i686-493-posix-dwarf-rt_v3-s/mingw32/opt/lib -L/home/Jeroen/mingw-gcc-4.9.3/prerequisites/i686-zlib-static/lib -L/home/Jeroen/mingw-gcc-4.9.3/prerequisites/i686-w64-mingw32-static/lib -Wl,--large-address-aware'
Thread model: posix
gcc version 4.9.3 (i686-posix-dwarf, Built by MinGW-W64 project) 
configure:1684: $? = 0
configure:1686: gcc -V </dev/null >&5
gcc.exe: error: unrecognized command line option '-V'
gcc.exe: fatal error: no input files
compilation terminated.
configure:1689: $? = 1
configure:1712: checking for C compiler default output file name
configure:1715: gcc    conftest.c  >&5
configure:1718: $? = 0
configure:1764: result: a.exe
configure:1769: checking whether the C compiler works
configure:1775: ./a.exe
configure:1778: $? = 0
configure:1795: result: yes
configure:1802: checking whether we are cross compiling
configure:1804: result: no
configure:1807: checking for suffix of executables
configure:1809: gcc -o conftest.exe    conftest.c  >&5
configure:1812: $? = 0
configure:1837: result: .exe
configure:1843: checking for suffix of object files
configure:1864: gcc -c   conftest.c >&5
configure:1867: $? = 0
configure:1889: result: o
configure:1893: checking whether we are using the GNU C compiler
configure:1917: gcc -c   conftest.c >&5
configure:1923: $? = 0
configure:1927: test -z 
			 || test ! -s conftest.err
configure:1930: $? = 0
configure:1933: test -s conftest.o
configure:1936: $? = 0
configure:1949: result: yes
configure:1955: checking whether gcc accepts -g
configure:1976: gcc -c -g  conftest.c >&5
configure:1982: $? = 0
configure:1986: test -z 
			 || test ! -s conftest.err
configure:1989: $? = 0
configure:1992: test -s conftest.o
configure:1995: $? = 0
configure:2006: result: yes
configure:2023: checking for gcc option to accept ANSI C
configure:2093: gcc  -c   conftest.c >&5
configure:2099: $? = 0
configure:2103: test -z 
			 || test ! -s conftest.err
configure:2106: $? = 0
configure:2109: test -s conftest.o
configure:2112: $? = 0
configure:2130: result: none needed
configure:2148: gcc -c   conftest.c >&5
conftest.c:2:3: error: unknown type name 'choke'
   choke me
   ^
conftest.c:2:3: error: expected '=', ',', ';', 'asm' or '__attribute__' at end of input
configure:2154: $? = 1
configure: failed program was:
| #ifndef __cplusplus
|   choke me
| #endif
configure:2288: checking for inline
configure:2309: gcc -c   conftest.c >&5
configure:2315: $? = 0
configure:2319: test -z 
			 || test ! -s conftest.err
configure:2322: $? = 0
configure:2325: test -s conftest.o
configure:2328: $? = 0
configure:2340: result: inline
configure:2364: checking how to run the C preprocessor
configure:2399: gcc -E  conftest.c
configure:2405: $? = 0
configure:2437: gcc -E  conftest.c
conftest.c:9:28: fatal error: ac_nonexistent.h: No such file or directory
 #include <ac_nonexistent.h>
                            ^
compilation terminated.
configure:2443: $? = 1
configure: failed program was:
| /* confdefs.h.  */
| 
| #define PACKAGE_NAME ""
| #define PACKAGE_TARNAME ""
| #define PACKAGE_VERSION ""
| #define PACKAGE_STRING ""
| #define PACKAGE_BUGREPORT ""
| /* end confdefs.h.  */
| #include <ac_nonexistent.h>
configure:2482: result: gcc -E
configure:2506: gcc -E  conftest.c
configure:2512: $? = 0
configure:2544: gcc -E  conftest.c
conftest.c:9:28: fatal error: ac_nonexistent.h: No such file or directory
 #include <ac_nonexistent.h>
                            ^
compilation terminated.
configure:2550: $? = 1
configure: failed program was:
| /* confdefs.h.  */
| 
| #define PACKAGE_NAME ""
| #define PACKAGE_TARNAME ""
| #define PACKAGE_VERSION ""
| #define PACKAGE_STRING ""
| #define PACKAGE_BUGREPORT ""
| /* end confdefs.h.  */
| #include <ac_nonexistent.h>
configure:2594: checking for egrep
configure:2604: result: grep -E
configure:2609: checking for ANSI C header files
configure:2634: gcc -c   conftest.c >&5
configure:2640: $? = 0
configure:2644: test -z 
			 || test ! -s conftest.err
configure:2647: $? = 0
configure:2650: test -s conftest.o
configure:2653: $? = 0
configure:2742: gcc -o conftest.exe    conftest.c  >&5
conftest.c: In function 'main':
conftest.c:26:7: warning: incompatible implicit declaration of built-in function 'exit'
       exit(2);
       ^
configure:2745: $? = 0
configure:2747: ./conftest.exe
configure:2750: $? = 0
configure:2765: result: yes
configure:2817: checking for ar
configure:2833: found /c/Rtools/mingw_32/bin//ar
configure:2843: result: ar
configure:2896: checking for ranlib
configure:2912: found /c/Rtools/mingw_32/bin//ranlib
configure:2922: result: ranlib
configure:2975: checking for windres
configure:2991: found /c/Rtools/mingw_32/bin//windres
configure:3001: result: windres
configure:3018: checking whether make sets $(MAKE)
configure:3038: result: yes
configure:3060: checking for building with threads
configure:3071: result: yes (default)
configure:3124: checking how to build libraries
configure:3142: result: shared
configure:3177: checking for sys/types.h
configure:3193: gcc -c   conftest.c >&5
configure:3199: $? = 0
configure:3203: test -z 
			 || test ! -s conftest.err
configure:3206: $? = 0
configure:3209: test -s conftest.o
configure:3212: $? = 0
configure:3223: result: yes
configure:3177: checking for sys/stat.h
configure:3193: gcc -c   conftest.c >&5
configure:3199: $? = 0
configure:3203: test -z 
			 || test ! -s conftest.err
configure:3206: $? = 0
configure:3209: test -s conftest.o
configure:3212: $? = 0
configure:3223: result: yes
configure:3177: checking for stdlib.h
configure:3193: gcc -c   conftest.c >&5
configure:3199: $? = 0
configure:3203: test -z 
			 || test ! -s conftest.err
configure:3206: $? = 0
configure:3209: test -s conftest.o
configure:3212: $? = 0
configure:3223: result: yes
configure:3177: checking for string.h
configure:3193: gcc -c   conftest.c >&5
configure:3199: $? = 0
configure:3203: test -z 
			 || test ! -s conftest.err
configure:3206: $? = 0
configure:3209: test -s conftest.o
configure:3212: $? = 0
configure:3223: result: yes
configure:3177: checking for memory.h
configure:3193: gcc -c   conftest.c >&5
configure:3199: $? = 0
configure:3203: test -z 
			 || test ! -s conftest.err
configure:3206: $? = 0
configure:3209: test -s conftest.o
configure:3212: $? = 0
configure:3223: result: yes
configure:3177: checking for strings.h
configure:3193: gcc -c   conftest.c >&5
configure:3199: $? = 0
configure:3203: test -z 
			 || test ! -s conftest.err
configure:3206: $? = 0
configure:3209: test -s conftest.o
configure:3212: $? = 0
configure:3223: result: yes
configure:3177: checking for inttypes.h
configure:3193: gcc -c   conftest.c >&5
configure:3199: $? = 0
configure:3203: test -z 
			 || test ! -s conftest.err
configure:3206: $? = 0
configure:3209: test -s conftest.o
configure:3212: $? = 0
configure:3223: result: yes
configure:3177: checking for stdint.h
configure:3193: gcc -c   conftest.c >&5
configure:3199: $? = 0
configure:3203: test -z 
			 || test ! -s conftest.err
configure:3206: $? = 0
configure:3209: test -s conftest.o
configure:3212: $? = 0
configure:3223: result: yes
configure:3177: checking for unistd.h
configure:3193: gcc -c   conftest.c >&5
configure:3199: $? = 0
configure:3203: test -z 
			 || test ! -s conftest.err
configure:3206: $? = 0
configure:3209: test -s conftest.o
configure:3212: $? = 0
configure:3223: result: yes
configure:3239: checking if 64bit support is requested
configure:3248: result: no
configure:3253: checking if Windows/CE build is requested
configure:3262: result: no
configure:3265: checking for Windows/CE celib directory
configure:3275: result: NO_CELIB
configure:3288: checking for cygpath
configure:3315: result: echo
configure:3331: checking for cross-compile version of gcc
configure:3356: gcc -c   conftest.c >&5
configure:3362: $? = 0
configure:3366: test -z 
			 || test ! -s conftest.err
configure:3369: $? = 0
configure:3372: test -s conftest.o
configure:3375: $? = 0
configure:3387: result: no
configure:3454: checking for mingw32 version of gcc
configure:3479: gcc -c   conftest.c >&5
conftest.c:25:8: error: #error win32
       #error win32
        ^
configure:3485: $? = 1
configure: failed program was:
| /* confdefs.h.  */
| 
| #define PACKAGE_NAME ""
| #define PACKAGE_TARNAME ""
| #define PACKAGE_VERSION ""
| #define PACKAGE_STRING ""
| #define PACKAGE_BUGREPORT ""
| #define STDC_HEADERS 1
| #define TCL_THREADS 1
| #define USE_THREAD_ALLOC 1
| #define TCL_CFGVAL_ENCODING "cp1252"
| #define HAVE_SYS_TYPES_H 1
| #define HAVE_SYS_STAT_H 1
| #define HAVE_STDLIB_H 1
| #define HAVE_STRING_H 1
| #define HAVE_MEMORY_H 1
| #define HAVE_STRINGS_H 1
| #define HAVE_INTTYPES_H 1
| #define HAVE_STDINT_H 1
| #define HAVE_UNISTD_H 1
| #define MODULE_SCOPE extern
| /* end confdefs.h.  */
| 
| 		#ifdef _WIN32
| 		    #error win32
| 		#endif
| 
| int
| main ()
| {
| 
|   ;
|   return 0;
| }
configure:3510: result: yes
configure:3519: checking for working -municode linker flag
configure:3543: gcc -o conftest.exe  -mwindows -municode -Dmain=xxmain   conftest.c  >&5
configure:3549: $? = 0
configure:3553: test -z 
			 || test ! -s conftest.err
configure:3556: $? = 0
configure:3559: test -s conftest.exe
configure:3562: $? = 0
configure:3575: result: yes
configure:3585: checking compiler flags
configure:3614: result: using shared flags
configure:3706: gcc -c   conftest.c >&5
conftest.c:25:5: error: #error 32-bit
    #error 32-bit
     ^
configure:3712: $? = 1
configure: failed program was:
| /* confdefs.h.  */
| 
| #define PACKAGE_NAME ""
| #define PACKAGE_TARNAME ""
| #define PACKAGE_VERSION ""
| #define PACKAGE_STRING ""
| #define PACKAGE_BUGREPORT ""
| #define STDC_HEADERS 1
| #define TCL_THREADS 1
| #define USE_THREAD_ALLOC 1
| #define TCL_CFGVAL_ENCODING "cp1252"
| #define HAVE_SYS_TYPES_H 1
| #define HAVE_SYS_STAT_H 1
| #define HAVE_STDLIB_H 1
| #define HAVE_STRING_H 1
| #define HAVE_MEMORY_H 1
| #define HAVE_STRINGS_H 1
| #define HAVE_INTTYPES_H 1
| #define HAVE_STDINT_H 1
| #define HAVE_UNISTD_H 1
| #define MODULE_SCOPE extern
| /* end confdefs.h.  */
| 
| 		    #ifndef _WIN64
| 			#error 32-bit
| 		    #endif
| 
| int
| main ()
| {
| 
|   ;
|   return 0;
| }
configure:4042: checking for SEH support in compiler
configure:4074: gcc -o conftest.exe    conftest.c -lnetapi32 -lkernel32 -luser32 -ladvapi32 -lws2_32 >&5
conftest.c: In function 'main':
conftest.c:30:3: error: '__try' undeclared (first use in this function)
   __try {
   ^
conftest.c:30:3: note: each undeclared identifier is reported only once for each function it appears in
conftest.c:30:9: error: expected ';' before '{' token
   __try {
         ^
configure:4077: $? = 1
configure: program exited with status 1
configure: failed program was:
| /* confdefs.h.  */
| 
| #define PACKAGE_NAME ""
| #define PACKAGE_TARNAME ""
| #define PACKAGE_VERSION ""
| #define PACKAGE_STRING ""
| #define PACKAGE_BUGREPORT ""
| #define STDC_HEADERS 1
| #define TCL_THREADS 1
| #define USE_THREAD_ALLOC 1
| #define TCL_CFGVAL_ENCODING "cp1252"
| #define HAVE_SYS_TYPES_H 1
| #define HAVE_SYS_STAT_H 1
| #define HAVE_STDLIB_H 1
| #define HAVE_STRING_H 1
| #define HAVE_MEMORY_H 1
| #define HAVE_STRINGS_H 1
| #define HAVE_INTTYPES_H 1
| #define HAVE_STDINT_H 1
| #define HAVE_UNISTD_H 1
| #define MODULE_SCOPE extern
| /* end confdefs.h.  */
| 
| 	    #define WIN32_LEAN_AND_MEAN
| 	    #include <windows.h>
| 	    #undef WIN32_LEAN_AND_MEAN
| 
| 	    int main(int argc, char** argv) {
| 		int a, b = 0;
| 		__try {
| 		    a = 666 / b;
| 		}
| 		__except (EXCEPTION_EXECUTE_HANDLER) {
| 		    return 0;
| 		}
| 		return 1;
| 	    }
| 
configure:4097: result: no
configure:4113: checking for EXCEPTION_DISPOSITION support in include files
configure:4140: gcc -c   conftest.c >&5
configure:4146: $? = 0
configure:4150: test -z 
			 || test ! -s conftest.err
configure:4153: $? = 0
configure:4156: test -s conftest.o
configure:4159: $? = 0
configure:4171: result: yes
configure:4185: checking for winnt.h that ignores VOID define
configure:4215: gcc -c   conftest.c >&5
In file included from c:/Rtools/mingw_32/i686-w64-mingw32/include/minwindef.h:146:0,
                 from c:/Rtools/mingw_32/i686-w64-mingw32/include/windef.h:8,
                 from c:/Rtools/mingw_32/i686-w64-mingw32/include/windows.h:69,
                 from conftest.c:27:
c:/Rtools/mingw_32/i686-w64-mingw32/include/winnt.h:309:11: error: unknown type name 'CHAR'
   typedef CHAR *PCHAR,*LPCH,*PCH;
           ^
c:/Rtools/mingw_32/i686-w64-mingw32/include/winnt.h:310:17: error: unknown type name 'CHAR'
   typedef CONST CHAR *LPCCH,*PCCH;
                 ^
c:/Rtools/mingw_32/i686-w64-mingw32/include/winnt.h:311:11: error: unknown type name 'CHAR'
   typedef CHAR *NPSTR,*LPSTR,*PSTR;
           ^
c:/Rtools/mingw_32/i686-w64-mingw32/include/winnt.h:314:17: error: unknown type name 'CHAR'
   typedef CONST CHAR *LPCSTR,*PCSTR;
                 ^
c:/Rtools/mingw_32/i686-w64-mingw32/include/winnt.h:316:11: error: unknown type name 'CHAR'
   typedef CHAR *PZZSTR;
           ^
c:/Rtools/mingw_32/i686-w64-mingw32/include/winnt.h:317:17: error: unknown type name 'CHAR'
   typedef CONST CHAR *PCZZSTR;
                 ^
c:/Rtools/mingw_32/i686-w64-mingw32/include/winnt.h:318:11: error: unknown type name 'CHAR'
   typedef CHAR *PNZCH;
           ^
c:/Rtools/mingw_32/i686-w64-mingw32/include/winnt.h:319:17: error: unknown type name 'CHAR'
   typedef CONST CHAR *PCNZCH;
                 ^
c:/Rtools/mingw_32/i686-w64-mingw32/include/winnt.h:367:11: error: unknown type name 'SHORT'
   typedef SHORT *PSHORT;
           ^
c:/Rtools/mingw_32/i686-w64-mingw32/include/winnt.h:368:11: error: unknown type name 'LONG'
   typedef LONG *PLONG;
           ^
c:/Rtools/mingw_32/i686-w64-mingw32/include/winnt.h:394:11: error: unknown type name 'LONG'
   typedef LONG HRESULT;
           ^
c:/Rtools/mingw_32/i686-w64-mingw32/include/winnt.h:475:7: error: unknown type name 'LONG'
       LONG HighPart;
       ^
c:/Rtools/mingw_32/i686-w64-mingw32/include/winnt.h:479:7: error: unknown type name 'LONG'
       LONG HighPart;
       ^
c:/Rtools/mingw_32/i686-w64-mingw32/include/winnt.h:507:5: error: unknown type name 'LONG'
     LONG HighPart;
     ^
In file included from c:/Rtools/mingw_32/i686-w64-mingw32/include/minwindef.h:146:0,
                 from c:/Rtools/mingw_32/i686-w64-mingw32/include/windef.h:8,
                 from c:/Rtools/mingw_32/i686-w64-mingw32/include/windows.h:69,
                 from conftest.c:27:
c:/Rtools/mingw_32/i686-w64-mingw32/include/winnt.h:3309:7: error: unknown type name 'CHAR'
       CHAR SourceName[TOKEN_SOURCE_LENGTH];
       ^
In file included from c:/Rtools/mingw_32/i686-w64-mingw32/include/minwindef.h:146:0,
                 from c:/Rtools/mingw_32/i686-w64-mingw32/include/windef.h:8,
                 from c:/Rtools/mingw_32/i686-w64-mingw32/include/windows.h:69,
                 from conftest.c:27:
c:/Rtools/mingw_32/i686-w64-mingw32/include/winnt.h:5359:7: error: unknown type name 'LONG'
       LONG e_lfanew;
       ^
c:/Rtools/mingw_32/i686-w64-mingw32/include/winnt.h:5364:7: error: unknown type name 'CHAR'
       CHAR ne_ver;
       ^
c:/Rtools/mingw_32/i686-w64-mingw32/include/winnt.h:5365:7: error: unknown type name 'CHAR'
       CHAR ne_rev;
       ^
c:/Rtools/mingw_32/i686-w64-mingw32/include/winnt.h:5368:7: error: unknown type name 'LONG'
       LONG ne_crc;
       ^
c:/Rtools/mingw_32/i686-w64-mingw32/include/winnt.h:5373:7: error: unknown type name 'LONG'
       LONG ne_csip;
       ^
c:/Rtools/mingw_32/i686-w64-mingw32/include/winnt.h:5374:7: error: unknown type name 'LONG'
       LONG ne_sssp;
       ^
c:/Rtools/mingw_32/i686-w64-mingw32/include/winnt.h:5383:7: error: unknown type name 'LONG'
       LONG ne_nrestab;
       ^
In file included from c:/Rtools/mingw_32/i686-w64-mingw32/include/minwindef.h:146:0,
                 from c:/Rtools/mingw_32/i686-w64-mingw32/include/windef.h:8,
                 from c:/Rtools/mingw_32/i686-w64-mingw32/include/windows.h:69,
                 from conftest.c:27:
c:/Rtools/mingw_32/i686-w64-mingw32/include/winnt.h:5806:7: error: unknown type name 'SHORT'
       SHORT SectionNumber;
       ^
c:/Rtools/mingw_32/i686-w64-mingw32/include/winnt.h:5825:7: error: unknown type name 'LONG'
       LONG SectionNumber;
       ^
In file included from c:/Rtools/mingw_32/i686-w64-mingw32/include/minwindef.h:146:0,
                 from c:/Rtools/mingw_32/i686-w64-mingw32/include/windef.h:8,
                 from c:/Rtools/mingw_32/i686-w64-mingw32/include/windows.h:69,
                 from conftest.c:27:
c:/Rtools/mingw_32/i686-w64-mingw32/include/winnt.h:5959:2: error: unknown type name 'SHORT'
  SHORT Number;
  ^
c:/Rtools/mingw_32/i686-w64-mingw32/include/winnt.h:5983:2: error: unknown type name 'SHORT'
  SHORT Number;
  ^
c:/Rtools/mingw_32/i686-w64-mingw32/include/winnt.h:5986:2: error: unknown type name 'SHORT'
  SHORT HighNumber;
  ^
In file included from c:/Rtools/mingw_32/i686-w64-mingw32/include/minwindef.h:146:0,
                 from c:/Rtools/mingw_32/i686-w64-mingw32/include/windef.h:8,
                 from c:/Rtools/mingw_32/i686-w64-mingw32/include/windows.h:69,
                 from conftest.c:27:
c:/Rtools/mingw_32/i686-w64-mingw32/include/winnt.h:6572:7: error: unknown type name 'CHAR'
       CHAR NameString[1];
       ^
In file included from c:/Rtools/mingw_32/i686-w64-mingw32/include/minwindef.h:146:0,
                 from c:/Rtools/mingw_32/i686-w64-mingw32/include/windef.h:8,
                 from c:/Rtools/mingw_32/i686-w64-mingw32/include/windows.h:69,
                 from conftest.c:27:
c:/Rtools/mingw_32/i686-w64-mingw32/include/winnt.h:7167:7: error: unknown type name 'CHAR'
       CHAR szCSDVersion[128];
       ^
c:/Rtools/mingw_32/i686-w64-mingw32/include/winnt.h:7189:7: error: unknown type name 'CHAR'
       CHAR szCSDVersion[128];
       ^
In file included from c:/Rtools/mingw_32/i686-w64-mingw32/include/minwindef.h:146:0,
                 from c:/Rtools/mingw_32/i686-w64-mingw32/include/windef.h:8,
                 from c:/Rtools/mingw_32/i686-w64-mingw32/include/windows.h:69,
                 from conftest.c:27:
c:/Rtools/mingw_32/i686-w64-mingw32/include/winnt.h:7324:7: error: unknown type name 'LONG'
       LONG LockCount;
       ^
c:/Rtools/mingw_32/i686-w64-mingw32/include/winnt.h:7325:7: error: unknown type name 'LONG'
       LONG RecursionCount;
       ^
In file included from c:/Rtools/mingw_32/i686-w64-mingw32/include/minwindef.h:146:0,
                 from c:/Rtools/mingw_32/i686-w64-mingw32/include/windef.h:8,
                 from c:/Rtools/mingw_32/i686-w64-mingw32/include/windows.h:69,
                 from conftest.c:27:
c:/Rtools/mingw_32/i686-w64-mingw32/include/winnt.h:7341:25: error: expected declaration specifiers or '...' before '*' token
     typedef LONG (NTAPI *PVECTORED_EXCEPTION_HANDLER) (struct _EXCEPTION_POINTERS *ExceptionInfo);
                         ^
In file included from c:/Rtools/mingw_32/i686-w64-mingw32/include/windows.h:69:0,
                 from conftest.c:27:
c:/Rtools/mingw_32/i686-w64-mingw32/include/windef.h:72:3: error: unknown type name 'LONG'
   LONG left;
   ^
c:/Rtools/mingw_32/i686-w64-mingw32/include/windef.h:73:3: error: unknown type name 'LONG'
   LONG top;
   ^
c:/Rtools/mingw_32/i686-w64-mingw32/include/windef.h:74:3: error: unknown type name 'LONG'
   LONG right;
   ^
c:/Rtools/mingw_32/i686-w64-mingw32/include/windef.h:75:3: error: unknown type name 'LONG'
   LONG bottom;
   ^
c:/Rtools/mingw_32/i686-w64-mingw32/include/windef.h:81:3: error: unknown type name 'LONG'
   LONG left;
   ^
c:/Rtools/mingw_32/i686-w64-mingw32/include/windef.h:82:3: error: unknown type name 'LONG'
   LONG top;
   ^
c:/Rtools/mingw_32/i686-w64-mingw32/include/windef.h:83:3: error: unknown type name 'LONG'
   LONG right;
   ^
c:/Rtools/mingw_32/i686-w64-mingw32/include/windef.h:84:3: error: unknown type name 'LONG'
   LONG bottom;
   ^
c:/Rtools/mingw_32/i686-w64-mingw32/include/windef.h:90:3: error: unknown type name 'LONG'
   LONG x;
   ^
c:/Rtools/mingw_32/i686-w64-mingw32/include/windef.h:91:3: error: unknown type name 'LONG'
   LONG y;
   ^
c:/Rtools/mingw_32/i686-w64-mingw32/include/windef.h:95:3: error: unknown type name 'LONG'
   LONG x;
   ^
c:/Rtools/mingw_32/i686-w64-mingw32/include/windef.h:96:3: error: unknown type name 'LONG'
   LONG y;
   ^
c:/Rtools/mingw_32/i686-w64-mingw32/include/windef.h:100:3: error: unknown type name 'LONG'
   LONG cx;
   ^
c:/Rtools/mingw_32/i686-w64-mingw32/include/windef.h:101:3: error: unknown type name 'LONG'
   LONG cy;
   ^
c:/Rtools/mingw_32/i686-w64-mingw32/include/windef.h:108:3: error: unknown type name 'SHORT'
   SHORT x;
   ^
c:/Rtools/mingw_32/i686-w64-mingw32/include/windef.h:109:3: error: unknown type name 'SHORT'
   SHORT y;
   ^
In file included from c:/Rtools/mingw_32/i686-w64-mingw32/include/winbase.h:13:0,
                 from c:/Rtools/mingw_32/i686-w64-mingw32/include/windows.h:70,
                 from conftest.c:27:
c:/Rtools/mingw_32/i686-w64-mingw32/include/minwinbase.h:70:5: error: unknown type name 'CHAR'
     CHAR cFileName[MAX_PATH];
     ^
c:/Rtools/mingw_32/i686-w64-mingw32/include/minwinbase.h:71:5: error: unknown type name 'CHAR'
     CHAR cAlternateFileName[14];
     ^
In file included from c:/Rtools/mingw_32/i686-w64-mingw32/include/winbase.h:16:0,
                 from c:/Rtools/mingw_32/i686-w64-mingw32/include/windows.h:70,
                 from conftest.c:27:
c:/Rtools/mingw_32/i686-w64-mingw32/include/errhandlingapi.h:17:24: error: expected declaration specifiers or '...' before '*' token
   typedef LONG (WINAPI *PTOP_LEVEL_EXCEPTION_FILTER) (struct _EXCEPTION_POINTERS *ExceptionInfo);
                        ^
c:/Rtools/mingw_32/i686-w64-mingw32/include/errhandlingapi.h:18:11: error: unknown type name 'PTOP_LEVEL_EXCEPTION_FILTER'
   typedef PTOP_LEVEL_EXCEPTION_FILTER LPTOP_LEVEL_EXCEPTION_FILTER;
           ^
c:/Rtools/mingw_32/i686-w64-mingw32/include/errhandlingapi.h:20:26: error: expected ',' or ';' before 'UnhandledExceptionFilter'
   WINBASEAPI LONG WINAPI UnhandledExceptionFilter (struct _EXCEPTION_POINTERS *ExceptionInfo);
                          ^
In file included from c:/Rtools/mingw_32/i686-w64-mingw32/include/winbase.h:16:0,
                 from c:/Rtools/mingw_32/i686-w64-mingw32/include/windows.h:70,
                 from conftest.c:27:
c:/Rtools/mingw_32/i686-w64-mingw32/include/errhandlingapi.h:23:69: error: unknown type name 'PVECTORED_EXCEPTION_HANDLER'
   WINBASEAPI PVOID WINAPI AddVectoredExceptionHandler (ULONG First, PVECTORED_EXCEPTION_HANDLER Handler);
                                                                     ^
c:/Rtools/mingw_32/i686-w64-mingw32/include/errhandlingapi.h:25:68: error: unknown type name 'PVECTORED_EXCEPTION_HANDLER'
   WINBASEAPI PVOID WINAPI AddVectoredContinueHandler (ULONG First, PVECTORED_EXCEPTION_HANDLER Handler);
                                                                    ^
In file included from c:/Rtools/mingw_32/i686-w64-mingw32/include/winbase.h:18:0,
                 from c:/Rtools/mingw_32/i686-w64-mingw32/include/windows.h:70,
                 from conftest.c:27:
c:/Rtools/mingw_32/i686-w64-mingw32/include/fileapi.h:44:26: error: expected ',' or ';' before 'CompareFileTime'
   WINBASEAPI LONG WINAPI CompareFileTime (CONST FILETIME *lpFileTime1, CONST FILETIME *lpFileTime2);
                          ^
In file included from c:/Rtools/mingw_32/i686-w64-mingw32/include/winbase.h:18:0,
                 from c:/Rtools/mingw_32/i686-w64-mingw32/include/windows.h:70,
                 from conftest.c:27:
c:/Rtools/mingw_32/i686-w64-mingw32/include/fileapi.h:85:57: error: expected declaration specifiers or '...' before 'LONG'
   WINBASEAPI DWORD WINAPI SetFilePointer (HANDLE hFile, LONG lDistanceToMove, PLONG lpDistanceToMoveHigh, DWORD dwMoveMethod);
                                                         ^
In file included from c:/Rtools/mingw_32/i686-w64-mingw32/include/winbase.h:22:0,
                 from c:/Rtools/mingw_32/i686-w64-mingw32/include/windows.h:70,
                 from conftest.c:27:
c:/Rtools/mingw_32/i686-w64-mingw32/include/interlockedapi.h:18:26: error: expected ',' or ';' before 'InterlockedIncrement'
   WINBASEAPI LONG WINAPI InterlockedIncrement (LONG volatile *lpAddend);
                          ^
c:/Rtools/mingw_32/i686-w64-mingw32/include/interlockedapi.h:19:26: error: expected ',' or ';' before 'InterlockedDecrement'
   WINBASEAPI LONG WINAPI InterlockedDecrement (LONG volatile *lpAddend);
                          ^
c:/Rtools/mingw_32/i686-w64-mingw32/include/interlockedapi.h:20:26: error: expected ',' or ';' before 'InterlockedExchange'
   WINBASEAPI LONG WINAPI InterlockedExchange (LONG volatile *Target, LONG Value);
                          ^
c:/Rtools/mingw_32/i686-w64-mingw32/include/interlockedapi.h:21:26: error: expected ',' or ';' before 'InterlockedExchangeAdd'
   WINBASEAPI LONG WINAPI InterlockedExchangeAdd (LONG volatile *Addend, LONG Value);
                          ^
c:/Rtools/mingw_32/i686-w64-mingw32/include/interlockedapi.h:22:26: error: expected ',' or ';' before 'InterlockedCompareExchange'
   WINBASEAPI LONG WINAPI InterlockedCompareExchange (LONG volatile *Destination, LONG Exchange, LONG Comperand);
                          ^
In file included from c:/Rtools/mingw_32/i686-w64-mingw32/include/winbase.h:22:0,
                 from c:/Rtools/mingw_32/i686-w64-mingw32/include/windows.h:70,
                 from conftest.c:27:
c:/Rtools/mingw_32/i686-w64-mingw32/include/interlockedapi.h:29:37: error: expected ',' or ';' before 'InterlockedIncrement'
   __MINGW_INTRIN_INLINE LONG WINAPI InterlockedIncrement(LONG volatile *lpAddend) {
                                     ^
c:/Rtools/mingw_32/i686-w64-mingw32/include/interlockedapi.h:32:37: error: expected ',' or ';' before 'InterlockedDecrement'
   __MINGW_INTRIN_INLINE LONG WINAPI InterlockedDecrement(LONG volatile *lpAddend) {
                                     ^
c:/Rtools/mingw_32/i686-w64-mingw32/include/interlockedapi.h:35:37: error: expected ',' or ';' before 'InterlockedExchange'
   __MINGW_INTRIN_INLINE LONG WINAPI InterlockedExchange(LONG volatile *Target, LONG Value) {
                                     ^
c:/Rtools/mingw_32/i686-w64-mingw32/include/interlockedapi.h:38:37: error: expected ',' or ';' before 'InterlockedExchangeAdd'
   __MINGW_INTRIN_INLINE LONG WINAPI InterlockedExchangeAdd(LONG volatile *Addend, LONG Value) {
                                     ^
c:/Rtools/mingw_32/i686-w64-mingw32/include/interlockedapi.h:41:37: error: expected ',' or ';' before 'InterlockedCompareExchange'
   __MINGW_INTRIN_INLINE LONG WINAPI InterlockedCompareExchange(LONG volatile *Destination, LONG Exchange, LONG Comperand) {
                                     ^
In file included from c:/Rtools/mingw_32/i686-w64-mingw32/include/winbase.h:35:0,
                 from c:/Rtools/mingw_32/i686-w64-mingw32/include/windows.h:70,
                 from conftest.c:27:
c:/Rtools/mingw_32/i686-w64-mingw32/include/synchapi.h:49:66: error: expected declaration specifiers or '...' before 'LONG'
   WINBASEAPI WINBOOL WINAPI ReleaseSemaphore (HANDLE hSemaphore, LONG lReleaseCount, LPLONG lpPreviousCount);
                                                                  ^
In file included from c:/Rtools/mingw_32/i686-w64-mingw32/include/winbase.h:35:0,
                 from c:/Rtools/mingw_32/i686-w64-mingw32/include/windows.h:70,
                 from conftest.c:27:
c:/Rtools/mingw_32/i686-w64-mingw32/include/synchapi.h:121:94: error: expected declaration specifiers or '...' before 'LONG'
   WINBASEAPI WINBOOL WINAPI SetWaitableTimer (HANDLE hTimer, const LARGE_INTEGER *lpDueTime, LONG lPeriod, PTIMERAPCROUTINE pfnCompletionRoutine, LPVOID lpArgToCompletionRoutine, WINBOOL fResume);
                                                                                              ^
c:/Rtools/mingw_32/i686-w64-mingw32/include/synchapi.h:125:89: error: expected declaration specifiers or '...' before 'LONG'
   WINBOOL WINAPI InitializeSynchronizationBarrier (LPSYNCHRONIZATION_BARRIER lpBarrier, LONG lTotalThreads, LONG lSpinCount);
                                                                                         ^
c:/Rtools/mingw_32/i686-w64-mingw32/include/synchapi.h:125:109: error: expected declaration specifiers or '...' before 'LONG'
   WINBOOL WINAPI InitializeSynchronizationBarrier (LPSYNCHRONIZATION_BARRIER lpBarrier, LONG lTotalThreads, LONG lSpinCount);
                                                                                                             ^
In file included from c:/Rtools/mingw_32/i686-w64-mingw32/include/windows.h:70:0,
                 from conftest.c:27:
c:/Rtools/mingw_32/i686-w64-mingw32/include/winbase.h:622:5: error: unknown type name 'CHAR'
     CHAR szPathName[OFS_MAXPATHNAME];
     ^
In file included from c:/Rtools/mingw_32/i686-w64-mingw32/include/windows.h:70:0,
                 from conftest.c:27:
c:/Rtools/mingw_32/i686-w64-mingw32/include/winbase.h:1412:26: error: expected ',' or ';' before '_llseek'
   WINBASEAPI LONG WINAPI _llseek (HFILE hFile, LONG lOffset, int iOrigin);
                          ^
c:/Rtools/mingw_32/i686-w64-mingw32/include/winbase.h:1492:91: error: expected declaration specifiers or '...' before 'LONG'
   WINBASEAPI HANDLE WINAPI CreateSemaphoreW (LPSECURITY_ATTRIBUTES lpSemaphoreAttributes, LONG lInitialCount, LONG lMaximumCount, LPCWSTR lpName);
                                                                                           ^
c:/Rtools/mingw_32/i686-w64-mingw32/include/winbase.h:1492:111: error: expected declaration specifiers or '...' before 'LONG'
   WINBASEAPI HANDLE WINAPI CreateSemaphoreW (LPSECURITY_ATTRIBUTES lpSemaphoreAttributes, LONG lInitialCount, LONG lMaximumCount, LPCWSTR lpName);
                                                                                                               ^
c:/Rtools/mingw_32/i686-w64-mingw32/include/winbase.h:1496:91: error: expected declaration specifiers or '...' before 'LONG'
   WINBASEAPI HANDLE WINAPI CreateSemaphoreA (LPSECURITY_ATTRIBUTES lpSemaphoreAttributes, LONG lInitialCount, LONG lMaximumCount, LPCSTR lpName);
                                                                                           ^
c:/Rtools/mingw_32/i686-w64-mingw32/include/winbase.h:1496:111: error: expected declaration specifiers or '...' before 'LONG'
   WINBASEAPI HANDLE WINAPI CreateSemaphoreA (LPSECURITY_ATTRIBUTES lpSemaphoreAttributes, LONG lInitialCount, LONG lMaximumCount, LPCSTR lpName);
                                                                                                               ^
In file included from c:/Rtools/mingw_32/i686-w64-mingw32/include/windows.h:70:0,
                 from conftest.c:27:
c:/Rtools/mingw_32/i686-w64-mingw32/include/winbase.h:2350:5: error: unknown type name 'CHAR'
     CHAR szHwProfileGuid[HW_PROFILE_GUIDLEN];
     ^
c:/Rtools/mingw_32/i686-w64-mingw32/include/winbase.h:2351:5: error: unknown type name 'CHAR'
     CHAR szHwProfileName[MAX_PROFILE_LEN];
     ^
In file included from c:/Rtools/mingw_32/i686-w64-mingw32/include/winbase.h:2374:0,
                 from c:/Rtools/mingw_32/i686-w64-mingw32/include/windows.h:70,
                 from conftest.c:27:
c:/Rtools/mingw_32/i686-w64-mingw32/include/timezoneapi.h:22:5: error: expected specifier-qualifier-list before 'LONG'
     LONG Bias;
     ^
c:/Rtools/mingw_32/i686-w64-mingw32/include/timezoneapi.h:32:5: error: expected specifier-qualifier-list before 'LONG'
     LONG Bias;
     ^
In file included from c:/Rtools/mingw_32/i686-w64-mingw32/include/windows.h:71:0,
                 from conftest.c:27:
c:/Rtools/mingw_32/i686-w64-mingw32/include/wingdi.h:397:5: error: expected specifier-qualifier-list before 'LONG'
     LONG lOrientation;
     ^
c:/Rtools/mingw_32/i686-w64-mingw32/include/wingdi.h:460:5: error: expected specifier-qualifier-list before 'LONG'
     LONG bmType;
     ^
In file included from c:/Rtools/mingw_32/i686-w64-mingw32/include/windows.h:71:0,
                 from conftest.c:27:
c:/Rtools/mingw_32/i686-w64-mingw32/include/wingdi.h:499:16: error: expected '=', ',', ';', 'asm' or '__attribute__' before 'LCSCSTYPE'
   typedef LONG LCSCSTYPE;
                ^
c:/Rtools/mingw_32/i686-w64-mingw32/include/wingdi.h:502:16: error: expected '=', ',', ';', 'asm' or '__attribute__' before 'LCSGAMUTMATCH'
   typedef LONG LCSGAMUTMATCH;
                ^
c:/Rtools/mingw_32/i686-w64-mingw32/include/wingdi.h:554:5: error: unknown type name 'LCSCSTYPE'
     LCSCSTYPE lcsCSType;
     ^
c:/Rtools/mingw_32/i686-w64-mingw32/include/wingdi.h:555:5: error: unknown type name 'LCSGAMUTMATCH'
     LCSGAMUTMATCH lcsIntent;
     ^
c:/Rtools/mingw_32/i686-w64-mingw32/include/wingdi.h:560:5: error: unknown type name 'CHAR'
     CHAR lcsFilename[MAX_PATH];
     ^
c:/Rtools/mingw_32/i686-w64-mingw32/include/wingdi.h:567:5: error: unknown type name 'LCSCSTYPE'
     LCSCSTYPE lcsCSType;
     ^
c:/Rtools/mingw_32/i686-w64-mingw32/include/wingdi.h:568:5: error: unknown type name 'LCSGAMUTMATCH'
     LCSGAMUTMATCH lcsIntent;
     ^
c:/Rtools/mingw_32/i686-w64-mingw32/include/wingdi.h:593:5: error: expected specifier-qualifier-list before 'LONG'
     LONG biWidth;
     ^
c:/Rtools/mingw_32/i686-w64-mingw32/include/wingdi.h:609:5: error: expected specifier-qualifier-list before 'LONG'
     LONG bV4Width;
     ^
c:/Rtools/mingw_32/i686-w64-mingw32/include/wingdi.h:632:5: error: expected specifier-qualifier-list before 'LONG'
     LONG bV5Width;
     ^
In file included from c:/Rtools/mingw_32/i686-w64-mingw32/include/windows.h:71:0,
                 from conftest.c:27:
c:/Rtools/mingw_32/i686-w64-mingw32/include/wingdi.h:742:5: error: expected specifier-qualifier-list before 'LONG'
     LONG mm;
     ^
In file included from c:/Rtools/mingw_32/i686-w64-mingw32/include/windows.h:71:0,
                 from conftest.c:27:
c:/Rtools/mingw_32/i686-w64-mingw32/include/wingdi.h:817:5: error: expected specifier-qualifier-list before 'LONG'
     LONG tmHeight;
     ^
c:/Rtools/mingw_32/i686-w64-mingw32/include/wingdi.h:840:5: error: expected specifier-qualifier-list before 'LONG'
     LONG tmHeight;
     ^
In file included from c:/Rtools/mingw_32/i686-w64-mingw32/include/windows.h:71:0,
                 from conftest.c:27:
c:/Rtools/mingw_32/i686-w64-mingw32/include/wingdi.h:884:5: error: expected specifier-qualifier-list before 'LONG'
     LONG tmHeight;
     ^
c:/Rtools/mingw_32/i686-w64-mingw32/include/wingdi.h:911:5: error: expected specifier-qualifier-list before 'LONG'
     LONG tmHeight;
     ^
In file included from c:/Rtools/mingw_32/i686-w64-mingw32/include/windows.h:71:0,
                 from conftest.c:27:
c:/Rtools/mingw_32/i686-w64-mingw32/include/wingdi.h:960:5: error: expected specifier-qualifier-list before 'LONG'
     LONG paXCount;
     ^
c:/Rtools/mingw_32/i686-w64-mingw32/include/wingdi.h:1042:5: error: expected specifier-qualifier-list before 'LONG'
     LONG lfHeight;
     ^
c:/Rtools/mingw_32/i686-w64-mingw32/include/wingdi.h:1059:5: error: expected specifier-qualifier-list before 'LONG'
     LONG lfHeight;
     ^
c:/Rtools/mingw_32/i686-w64-mingw32/include/wingdi.h:2023:5: error: unknown type name 'CHAR'
     CHAR DeviceName[32];
     ^
c:/Rtools/mingw_32/i686-w64-mingw32/include/wingdi.h:2024:5: error: unknown type name 'CHAR'
     CHAR DeviceString[128];
     ^
c:/Rtools/mingw_32/i686-w64-mingw32/include/wingdi.h:2026:5: error: unknown type name 'CHAR'
     CHAR DeviceID[128];
     ^
c:/Rtools/mingw_32/i686-w64-mingw32/include/wingdi.h:2027:5: error: unknown type name 'CHAR'
     CHAR DeviceKey[128];
     ^
In file included from c:/Rtools/mingw_32/i686-w64-mingw32/include/windows.h:71:0,
                 from conftest.c:27:
c:/Rtools/mingw_32/i686-w64-mingw32/include/wingdi.h:2832:25: error: expected ',' or ';' before 'GetBitmapBits'
   WINGDIAPI LONG WINAPI GetBitmapBits(HBITMAP hbit,LONG cb,LPVOID lpvBits);
                         ^
c:/Rtools/mingw_32/i686-w64-mingw32/include/wingdi.h:2940:5: error: expected specifier-qualifier-list before 'LONG'
     LONG dvValues[MM_MAX_NUMAXES];
     ^
c:/Rtools/mingw_32/i686-w64-mingw32/include/wingdi.h:2959:5: error: expected specifier-qualifier-list before 'LONG'
     LONG axMinValue;
     ^
c:/Rtools/mingw_32/i686-w64-mingw32/include/wingdi.h:2965:5: error: expected specifier-qualifier-list before 'LONG'
     LONG axMinValue;
     ^
c:/Rtools/mingw_32/i686-w64-mingw32/include/wingdi.h:3068:25: error: expected ',' or ';' before 'SetBitmapBits'
   WINGDIAPI LONG WINAPI SetBitmapBits(HBITMAP hbm,DWORD cb,CONST VOID *pvBits);
                         ^
c:/Rtools/mingw_32/i686-w64-mingw32/include/wingdi.h:3127:5: error: expected specifier-qualifier-list before 'LONG'
     LONG x;
     ^
c:/Rtools/mingw_32/i686-w64-mingw32/include/wingdi.h:3274:5: error: unknown type name 'SHORT'
     SHORT caContrast;
     ^
c:/Rtools/mingw_32/i686-w64-mingw32/include/wingdi.h:3275:5: error: unknown type name 'SHORT'
     SHORT caBrightness;
     ^
c:/Rtools/mingw_32/i686-w64-mingw32/include/wingdi.h:3276:5: error: unknown type name 'SHORT'
     SHORT caColorfulness;
     ^
c:/Rtools/mingw_32/i686-w64-mingw32/include/wingdi.h:3277:5: error: unknown type name 'SHORT'
     SHORT caRedGreenTint;
     ^
c:/Rtools/mingw_32/i686-w64-mingw32/include/wingdi.h:3593:5: error: expected specifier-qualifier-list before 'LONG'
     LONG iRelative;
     ^
c:/Rtools/mingw_32/i686-w64-mingw32/include/wingdi.h:3686:5: error: expected specifier-qualifier-list before 'LONG'
     LONG xNum;
     ^
c:/Rtools/mingw_32/i686-w64-mingw32/include/wingdi.h:3836:5: error: expected specifier-qualifier-list before 'LONG'
     LONG cStrings;
     ^
c:/Rtools/mingw_32/i686-w64-mingw32/include/wingdi.h:3843:5: error: expected specifier-qualifier-list before 'LONG'
     LONG xDest;
     ^
c:/Rtools/mingw_32/i686-w64-mingw32/include/wingdi.h:3862:5: error: expected specifier-qualifier-list before 'LONG'
     LONG xDest;
     ^
c:/Rtools/mingw_32/i686-w64-mingw32/include/wingdi.h:3883:5: error: expected specifier-qualifier-list before 'LONG'
     LONG xDest;
     ^
c:/Rtools/mingw_32/i686-w64-mingw32/include/wingdi.h:3910:5: error: expected specifier-qualifier-list before 'LONG'
     LONG xSrc;
     ^
c:/Rtools/mingw_32/i686-w64-mingw32/include/wingdi.h:3933:5: error: expected specifier-qualifier-list before 'LONG'
     LONG xDest;
     ^
c:/Rtools/mingw_32/i686-w64-mingw32/include/wingdi.h:3951:5: error: expected specifier-qualifier-list before 'LONG'
     LONG xDest;
     ^
c:/Rtools/mingw_32/i686-w64-mingw32/include/wingdi.h:4115:5: error: expected specifier-qualifier-list before 'LONG'
     LONG xDest;
     ^
c:/Rtools/mingw_32/i686-w64-mingw32/include/wingdi.h:4145:5: error: expected specifier-qualifier-list before 'LONG'
     LONG xDest;
     ^
In file included from c:/Rtools/mingw_32/i686-w64-mingw32/include/windows.h:72:0,
                 from conftest.c:27:
c:/Rtools/mingw_32/i686-w64-mingw32/include/winuser.h:1611:5: error: expected specifier-qualifier-list before 'LONG'
     LONG style;
     ^
c:/Rtools/mingw_32/i686-w64-mingw32/include/winuser.h:1626:5: error: expected specifier-qualifier-list before 'LONG'
     LONG style;
     ^
c:/Rtools/mingw_32/i686-w64-mingw32/include/winuser.h:1789:26: error: expected ',' or ';' before 'GetMessageTime'
   WINUSERAPI LONG WINAPI GetMessageTime(VOID);
                          ^
In file included from c:/Rtools/mingw_32/i686-w64-mingw32/include/windows.h:72:0,
                 from conftest.c:27:
c:/Rtools/mingw_32/i686-w64-mingw32/include/winuser.h:2226:42: error: unknown type name 'CHAR'
   WINUSERAPI WINBOOL WINAPI IsCharAlphaA(CHAR ch);
                                          ^
c:/Rtools/mingw_32/i686-w64-mingw32/include/winuser.h:2228:49: error: unknown type name 'CHAR'
   WINUSERAPI WINBOOL WINAPI IsCharAlphaNumericA(CHAR ch);
                                                 ^
c:/Rtools/mingw_32/i686-w64-mingw32/include/winuser.h:2230:42: error: unknown type name 'CHAR'
   WINUSERAPI WINBOOL WINAPI IsCharUpperA(CHAR ch);
                                          ^
c:/Rtools/mingw_32/i686-w64-mingw32/include/winuser.h:2232:42: error: unknown type name 'CHAR'
   WINUSERAPI WINBOOL WINAPI IsCharLowerA(CHAR ch);
                                          ^
c:/Rtools/mingw_32/i686-w64-mingw32/include/winuser.h:2244:27: error: expected ',' or ';' before 'GetKeyState'
   WINUSERAPI SHORT WINAPI GetKeyState(int nVirtKey);
                           ^
c:/Rtools/mingw_32/i686-w64-mingw32/include/winuser.h:2245:27: error: expected ',' or ';' before 'GetAsyncKeyState'
   WINUSERAPI SHORT WINAPI GetAsyncKeyState(int vKey);
                           ^
c:/Rtools/mingw_32/i686-w64-mingw32/include/winuser.h:2248:41: error: expected declaration specifiers or '...' before 'LONG'
   WINUSERAPI int WINAPI GetKeyNameTextA(LONG lParam,LPSTR lpString,int cchSize);
                                         ^
c:/Rtools/mingw_32/i686-w64-mingw32/include/winuser.h:2249:41: error: expected declaration specifiers or '...' before 'LONG'
   WINUSERAPI int WINAPI GetKeyNameTextW(LONG lParam,LPWSTR lpString,int cchSize);
                                         ^
c:/Rtools/mingw_32/i686-w64-mingw32/include/winuser.h:2255:27: error: expected ',' or ';' before 'VkKeyScanA'
   WINUSERAPI SHORT WINAPI VkKeyScanA(CHAR ch);
                           ^
c:/Rtools/mingw_32/i686-w64-mingw32/include/winuser.h:2256:27: error: expected ',' or ';' before 'VkKeyScanW'
   WINUSERAPI SHORT WINAPI VkKeyScanW(WCHAR ch);
                           ^
c:/Rtools/mingw_32/i686-w64-mingw32/include/winuser.h:2257:27: error: expected ',' or ';' before 'VkKeyScanExA'
   WINUSERAPI SHORT WINAPI VkKeyScanExA(CHAR ch,HKL dwhkl);
                           ^
c:/Rtools/mingw_32/i686-w64-mingw32/include/winuser.h:2258:27: error: expected ',' or ';' before 'VkKeyScanExW'
   WINUSERAPI SHORT WINAPI VkKeyScanExW(WCHAR ch,HKL dwhkl);
                           ^
c:/Rtools/mingw_32/i686-w64-mingw32/include/winuser.h:2283:5: error: expected specifier-qualifier-list before 'LONG'
     LONG dx;
     ^
c:/Rtools/mingw_32/i686-w64-mingw32/include/winuser.h:2564:26: error: expected ',' or ';' before 'GetMenuCheckMarkDimensions'
   WINUSERAPI LONG WINAPI GetMenuCheckMarkDimensions(VOID);
                          ^
c:/Rtools/mingw_32/i686-w64-mingw32/include/winuser.h:2822:26: error: expected ',' or ';' before 'TabbedTextOutA'
   WINUSERAPI LONG WINAPI TabbedTextOutA(HDC hdc,int x,int y,LPCSTR lpString,int chCount,int nTabPositions,CONST INT *lpnTabStopPositions,int nTabOrigin);
                          ^
c:/Rtools/mingw_32/i686-w64-mingw32/include/winuser.h:2823:26: error: expected ',' or ';' before 'TabbedTextOutW'
   WINUSERAPI LONG WINAPI TabbedTextOutW(HDC hdc,int x,int y,LPCWSTR lpString,int chCount,int nTabPositions,CONST INT *lpnTabStopPositions,int nTabOrigin);
                          ^
c:/Rtools/mingw_32/i686-w64-mingw32/include/winuser.h:3164:26: error: expected ',' or ';' before 'GetWindowLongA'
   WINUSERAPI LONG WINAPI GetWindowLongA(HWND hWnd,int nIndex);
                          ^
c:/Rtools/mingw_32/i686-w64-mingw32/include/winuser.h:3165:26: error: expected ',' or ';' before 'GetWindowLongW'
   WINUSERAPI LONG WINAPI GetWindowLongW(HWND hWnd,int nIndex);
                          ^
c:/Rtools/mingw_32/i686-w64-mingw32/include/winuser.h:3166:26: error: expected ',' or ';' before 'SetWindowLongA'
   WINUSERAPI LONG WINAPI SetWindowLongA(HWND hWnd,int nIndex,LONG dwNewLong);
                          ^
c:/Rtools/mingw_32/i686-w64-mingw32/include/winuser.h:3167:26: error: expected ',' or ';' before 'SetWindowLongW'
   WINUSERAPI LONG WINAPI SetWindowLongW(HWND hWnd,int nIndex,LONG dwNewLong);
                          ^
c:/Rtools/mingw_32/i686-w64-mingw32/include/winuser.h:3196:62: error: expected declaration specifiers or '...' before 'LONG'
   WINUSERAPI DWORD WINAPI SetClassLongA(HWND hWnd,int nIndex,LONG dwNewLong);
                                                              ^
c:/Rtools/mingw_32/i686-w64-mingw32/include/winuser.h:3197:62: error: expected declaration specifiers or '...' before 'LONG'
   WINUSERAPI DWORD WINAPI SetClassLongW(HWND hWnd,int nIndex,LONG dwNewLong);
                                                              ^
c:/Rtools/mingw_32/i686-w64-mingw32/include/winuser.h:4142:5: error: unknown type name 'CHAR'
     CHAR mkKeylist;
     ^
c:/Rtools/mingw_32/i686-w64-mingw32/include/winuser.h:4143:5: error: unknown type name 'CHAR'
     CHAR szKeyphrase[1];
     ^
c:/Rtools/mingw_32/i686-w64-mingw32/include/winuser.h:4163:5: error: unknown type name 'CHAR'
     CHAR rgchMember[2];
     ^
In file included from c:/Rtools/mingw_32/i686-w64-mingw32/include/windows.h:72:0,
                 from conftest.c:27:
c:/Rtools/mingw_32/i686-w64-mingw32/include/winuser.h:4630:26: error: expected ',' or ';' before 'ChangeDisplaySettingsA'
   WINUSERAPI LONG WINAPI ChangeDisplaySettingsA(LPDEVMODEA lpDevMode,DWORD dwFlags);
                          ^
c:/Rtools/mingw_32/i686-w64-mingw32/include/winuser.h:4631:26: error: expected ',' or ';' before 'ChangeDisplaySettingsW'
   WINUSERAPI LONG WINAPI ChangeDisplaySettingsW(LPDEVMODEW lpDevMode,DWORD dwFlags);
                          ^
c:/Rtools/mingw_32/i686-w64-mingw32/include/winuser.h:4632:26: error: expected ',' or ';' before 'ChangeDisplaySettingsExA'
   WINUSERAPI LONG WINAPI ChangeDisplaySettingsExA(LPCSTR lpszDeviceName,LPDEVMODEA lpDevMode,HWND hwnd,DWORD dwflags,LPVOID lParam);
                          ^
In file included from c:/Rtools/mingw_32/i686-w64-mingw32/include/windows.h:72:0,
                 from conftest.c:27:
c:/Rtools/mingw_32/i686-w64-mingw32/include/winuser.h:4633:26: error: expected ',' or ';' before 'ChangeDisplaySettingsExW'
   WINUSERAPI LONG WINAPI ChangeDisplaySettingsExW(LPCWSTR lpszDeviceName,LPDEVMODEW lpDevMode,HWND hwnd,DWORD dwflags,LPVOID lParam);
                          ^
c:/Rtools/mingw_32/i686-w64-mingw32/include/winuser.h:4853:5: error: unknown type name 'CHAR'
     CHAR szDevice[CCHDEVICENAME];
     ^
c:/Rtools/mingw_32/i686-w64-mingw32/include/winuser.h:4880:63: error: expected declaration specifiers or '...' before 'LONG'
   WINUSERAPI VOID WINAPI NotifyWinEvent(DWORD event,HWND hwnd,LONG idObject,LONG idChild);
                                                               ^
c:/Rtools/mingw_32/i686-w64-mingw32/include/winuser.h:4880:77: error: expected declaration specifiers or '...' before 'LONG'
   WINUSERAPI VOID WINAPI NotifyWinEvent(DWORD event,HWND hwnd,LONG idObject,LONG idChild);
                                                                             ^
c:/Rtools/mingw_32/i686-w64-mingw32/include/winuser.h:4882:91: error: expected declaration specifiers or '...' before 'LONG'
   typedef VOID (CALLBACK *WINEVENTPROC)(HWINEVENTHOOK hWinEventHook,DWORD event,HWND hwnd,LONG idObject,LONG idChild,DWORD idEventThread,DWORD dwmsEventTime);
                                                                                           ^
c:/Rtools/mingw_32/i686-w64-mingw32/include/winuser.h:4882:105: error: expected declaration specifiers or '...' before 'LONG'
   typedef VOID (CALLBACK *WINEVENTPROC)(HWINEVENTHOOK hWinEventHook,DWORD event,HWND hwnd,LONG idObject,LONG idChild,DWORD idEventThread,DWORD dwmsEventTime);
                                                                                                         ^
c:/Rtools/mingw_32/i686-w64-mingw32/include/winuser.h:4884:106: error: unknown type name 'WINEVENTPROC'
   WINUSERAPI HWINEVENTHOOK WINAPI SetWinEventHook(DWORD eventMin,DWORD eventMax,HMODULE hmodWinEventProc,WINEVENTPROC pfnWinEventProc,DWORD idProcess,DWORD idThread,DWORD dwFlags);
                                                                                                          ^
c:/Rtools/mingw_32/i686-w64-mingw32/include/winuser.h:5110:54: error: expected declaration specifiers or '...' before 'LONG'
   WINUSERAPI WINBOOL WINAPI GetMenuBarInfo(HWND hwnd,LONG idObject,LONG idItem,PMENUBARINFO pmbi);
                                                      ^
c:/Rtools/mingw_32/i686-w64-mingw32/include/winuser.h:5110:68: error: expected declaration specifiers or '...' before 'LONG'
   WINUSERAPI WINBOOL WINAPI GetMenuBarInfo(HWND hwnd,LONG idObject,LONG idItem,PMENUBARINFO pmbi);
                                                                    ^
c:/Rtools/mingw_32/i686-w64-mingw32/include/winuser.h:5122:56: error: expected declaration specifiers or '...' before 'LONG'
   WINUSERAPI WINBOOL WINAPI GetScrollBarInfo(HWND hwnd,LONG idObject,PSCROLLBARINFO psbi);
                                                        ^
c:/Rtools/mingw_32/i686-w64-mingw32/include/winuser.h:5197:5: error: expected specifier-qualifier-list before 'LONG'
     LONG lLastX;
     ^
In file included from c:/Rtools/mingw_32/i686-w64-mingw32/include/windows.h:73:0,
                 from conftest.c:27:
c:/Rtools/mingw_32/i686-w64-mingw32/include/winnls.h:660:5: error: unknown type name 'CHAR'
     CHAR CodePageName[MAX_PATH];
     ^
c:/Rtools/mingw_32/i686-w64-mingw32/include/winnls.h:750:16: error: expected '=', ',', ';', 'asm' or '__attribute__' before 'GEOID'
   typedef LONG GEOID;
                ^
In file included from c:/Rtools/mingw_32/i686-w64-mingw32/include/windows.h:73:0,
                 from conftest.c:27:
c:/Rtools/mingw_32/i686-w64-mingw32/include/winnls.h:978:38: error: unknown type name 'GEOID'
   WINBASEAPI int WINAPI GetGeoInfoA (GEOID Location, GEOTYPE GeoType, LPSTR lpGeoData, int cchData, LANGID LangId);
                                      ^
c:/Rtools/mingw_32/i686-w64-mingw32/include/winnls.h:979:38: error: unknown type name 'GEOID'
   WINBASEAPI int WINAPI GetGeoInfoW (GEOID Location, GEOTYPE GeoType, LPWSTR lpGeoData, int cchData, LANGID LangId);
                                      ^
c:/Rtools/mingw_32/i686-w64-mingw32/include/winnls.h:980:65: error: unknown type name 'GEOID'
   WINBASEAPI WINBOOL WINAPI EnumSystemGeoID (GEOCLASS GeoClass, GEOID ParentGeoId, GEO_ENUMPROC lpGeoEnumProc);
                                                                 ^
c:/Rtools/mingw_32/i686-w64-mingw32/include/winnls.h:981:27: error: expected ',' or ';' before 'GetUserGeoID'
   WINBASEAPI GEOID WINAPI GetUserGeoID (GEOCLASS GeoClass);
                           ^
c:/Rtools/mingw_32/i686-w64-mingw32/include/winnls.h:997:43: error: expected declaration specifiers or '...' before 'GEOID'
   WINBASEAPI WINBOOL WINAPI SetUserGeoID (GEOID GeoId);
                                           ^
In file included from c:/Rtools/mingw_32/i686-w64-mingw32/include/windows.h:74:0,
                 from conftest.c:27:
c:/Rtools/mingw_32/i686-w64-mingw32/include/wincon.h:18:5: error: expected specifier-qualifier-list before 'SHORT'
     SHORT X;
     ^
c:/Rtools/mingw_32/i686-w64-mingw32/include/wincon.h:23:5: error: expected specifier-qualifier-list before 'SHORT'
     SHORT Left;
     ^
c:/Rtools/mingw_32/i686-w64-mingw32/include/wincon.h:36:7: error: unknown type name 'CHAR'
       CHAR AsciiChar;
       ^
c:/Rtools/mingw_32/i686-w64-mingw32/include/wincon.h:110:7: error: unknown type name 'CHAR'
       CHAR AsciiChar;
       ^
In file included from c:/Rtools/mingw_32/i686-w64-mingw32/include/windows.h:74:0,
                 from conftest.c:27:
c:/Rtools/mingw_32/i686-w64-mingw32/include/wincon.h:223:79: error: unknown type name 'CHAR'
   WINBASEAPI WINBOOL WINAPI FillConsoleOutputCharacterA(HANDLE hConsoleOutput,CHAR cCharacter,DWORD nLength,COORD dwWriteCoord,LPDWORD lpNumberOfCharsWritten);
                                                                               ^
In file included from c:/Rtools/mingw_32/i686-w64-mingw32/include/windows.h:76:0,
                 from conftest.c:27:
c:/Rtools/mingw_32/i686-w64-mingw32/include/winreg.h:35:16: error: expected '=', ',', ';', 'asm' or '__attribute__' before 'LSTATUS'
   typedef LONG LSTATUS;
                ^
In file included from c:/Rtools/mingw_32/i686-w64-mingw32/include/windows.h:76:0,
                 from conftest.c:27:
c:/Rtools/mingw_32/i686-w64-mingw32/include/winreg.h:140:25: error: expected ',' or ';' before 'RegCloseKey'
   WINADVAPI LONG WINAPI RegCloseKey(HKEY hKey);
                         ^
c:/Rtools/mingw_32/i686-w64-mingw32/include/winreg.h:141:25: error: expected ',' or ';' before 'RegOverridePredefKey'
   WINADVAPI LONG WINAPI RegOverridePredefKey(HKEY hKey,HKEY hNewHKey);
                         ^
c:/Rtools/mingw_32/i686-w64-mingw32/include/winreg.h:142:25: error: expected ',' or ';' before 'RegOpenUserClassesRoot'
   WINADVAPI LONG WINAPI RegOpenUserClassesRoot(HANDLE hToken,DWORD dwOptions,REGSAM samDesired,PHKEY phkResult);
                         ^
c:/Rtools/mingw_32/i686-w64-mingw32/include/winreg.h:143:25: error: expected ',' or ';' before 'RegOpenCurrentUser'
   WINADVAPI LONG WINAPI RegOpenCurrentUser(REGSAM samDesired,PHKEY phkResult);
                         ^
c:/Rtools/mingw_32/i686-w64-mingw32/include/winreg.h:144:25: error: expected ',' or ';' before 'RegDisablePredefinedCache'
   WINADVAPI LONG WINAPI RegDisablePredefinedCache();
                         ^
c:/Rtools/mingw_32/i686-w64-mingw32/include/winreg.h:145:25: error: expected ',' or ';' before 'RegConnectRegistryA'
   WINADVAPI LONG WINAPI RegConnectRegistryA(LPCSTR lpMachineName,HKEY hKey,PHKEY phkResult);
                         ^
c:/Rtools/mingw_32/i686-w64-mingw32/include/winreg.h:146:25: error: expected ',' or ';' before 'RegConnectRegistryW'
   WINADVAPI LONG WINAPI RegConnectRegistryW(LPCWSTR lpMachineName,HKEY hKey,PHKEY phkResult);
                         ^
c:/Rtools/mingw_32/i686-w64-mingw32/include/winreg.h:147:25: error: expected ',' or ';' before 'RegConnectRegistryExA'
   WINADVAPI LONG WINAPI RegConnectRegistryExA(LPCSTR lpMachineName,HKEY hKey,ULONG Flags,PHKEY phkResult);
                         ^
c:/Rtools/mingw_32/i686-w64-mingw32/include/winreg.h:148:25: error: expected ',' or ';' before 'RegConnectRegistryExW'
   WINADVAPI LONG WINAPI RegConnectRegistryExW(LPCWSTR lpMachineName,HKEY hKey,ULONG Flags,PHKEY phkResult);
                         ^
c:/Rtools/mingw_32/i686-w64-mingw32/include/winreg.h:149:25: error: expected ',' or ';' before 'RegCreateKeyA'
   WINADVAPI LONG WINAPI RegCreateKeyA(HKEY hKey,LPCSTR lpSubKey,PHKEY phkResult);
                         ^
c:/Rtools/mingw_32/i686-w64-mingw32/include/winreg.h:150:25: error: expected ',' or ';' before 'RegCreateKeyW'
   WINADVAPI LONG WINAPI RegCreateKeyW(HKEY hKey,LPCWSTR lpSubKey,PHKEY phkResult);
                         ^
c:/Rtools/mingw_32/i686-w64-mingw32/include/winreg.h:151:25: error: expected ',' or ';' before 'RegCreateKeyExA'
   WINADVAPI LONG WINAPI RegCreateKeyExA(HKEY hKey,LPCSTR lpSubKey,DWORD Reserved,LPSTR lpClass,DWORD dwOptions,REGSAM samDesired,LPSECURITY_ATTRIBUTES lpSecurityAttributes,PHKEY phkResult,LPDWORD lpdwDisposition);
                         ^
c:/Rtools/mingw_32/i686-w64-mingw32/include/winreg.h:152:25: error: expected ',' or ';' before 'RegCreateKeyExW'
   WINADVAPI LONG WINAPI RegCreateKeyExW(HKEY hKey,LPCWSTR lpSubKey,DWORD Reserved,LPWSTR lpClass,DWORD dwOptions,REGSAM samDesired,LPSECURITY_ATTRIBUTES lpSecurityAttributes,PHKEY phkResult,LPDWORD lpdwDisposition);
                         ^
c:/Rtools/mingw_32/i686-w64-mingw32/include/winreg.h:153:25: error: expected ',' or ';' before 'RegDeleteKeyA'
   WINADVAPI LONG WINAPI RegDeleteKeyA(HKEY hKey,LPCSTR lpSubKey);
                         ^
c:/Rtools/mingw_32/i686-w64-mingw32/include/winreg.h:154:25: error: expected ',' or ';' before 'RegDeleteKeyW'
   WINADVAPI LONG WINAPI RegDeleteKeyW(HKEY hKey,LPCWSTR lpSubKey);
                         ^
c:/Rtools/mingw_32/i686-w64-mingw32/include/winreg.h:155:25: error: expected ',' or ';' before 'RegDeleteKeyExA'
   WINADVAPI LONG WINAPI RegDeleteKeyExA(HKEY hKey,LPCSTR lpSubKey,REGSAM samDesired,DWORD Reserved);
                         ^
c:/Rtools/mingw_32/i686-w64-mingw32/include/winreg.h:156:25: error: expected ',' or ';' before 'RegDeleteKeyExW'
   WINADVAPI LONG WINAPI RegDeleteKeyExW(HKEY hKey,LPCWSTR lpSubKey,REGSAM samDesired,DWORD Reserved);
                         ^
c:/Rtools/mingw_32/i686-w64-mingw32/include/winreg.h:157:25: error: expected ',' or ';' before 'RegDisableReflectionKey'
   WINADVAPI LONG WINAPI RegDisableReflectionKey(HKEY hBase);
                         ^
c:/Rtools/mingw_32/i686-w64-mingw32/include/winreg.h:158:25: error: expected ',' or ';' before 'RegEnableReflectionKey'
   WINADVAPI LONG WINAPI RegEnableReflectionKey(HKEY hBase);
                         ^
c:/Rtools/mingw_32/i686-w64-mingw32/include/winreg.h:159:25: error: expected ',' or ';' before 'RegQueryReflectionKey'
   WINADVAPI LONG WINAPI RegQueryReflectionKey(HKEY hBase,WINBOOL *bIsReflectionDisabled);
                         ^
c:/Rtools/mingw_32/i686-w64-mingw32/include/winreg.h:160:25: error: expected ',' or ';' before 'RegDeleteValueA'
   WINADVAPI LONG WINAPI RegDeleteValueA(HKEY hKey,LPCSTR lpValueName);
                         ^
c:/Rtools/mingw_32/i686-w64-mingw32/include/winreg.h:161:25: error: expected ',' or ';' before 'RegDeleteValueW'
   WINADVAPI LONG WINAPI RegDeleteValueW(HKEY hKey,LPCWSTR lpValueName);
                         ^
c:/Rtools/mingw_32/i686-w64-mingw32/include/winreg.h:162:25: error: expected ',' or ';' before 'RegEnumKeyA'
   WINADVAPI LONG WINAPI RegEnumKeyA(HKEY hKey,DWORD dwIndex,LPSTR lpName,DWORD cchName);
                         ^
c:/Rtools/mingw_32/i686-w64-mingw32/include/winreg.h:163:25: error: expected ',' or ';' before 'RegEnumKeyW'
   WINADVAPI LONG WINAPI RegEnumKeyW(HKEY hKey,DWORD dwIndex,LPWSTR lpName,DWORD cchName);
                         ^
c:/Rtools/mingw_32/i686-w64-mingw32/include/winreg.h:164:25: error: expected ',' or ';' before 'RegEnumKeyExA'
   WINADVAPI LONG WINAPI RegEnumKeyExA(HKEY hKey,DWORD dwIndex,LPSTR lpName,LPDWORD lpcchName,LPDWORD lpReserved,LPSTR lpClass,LPDWORD lpcchClass,PFILETIME lpftLastWriteTime);
                         ^
c:/Rtools/mingw_32/i686-w64-mingw32/include/winreg.h:165:25: error: expected ',' or ';' before 'RegEnumKeyExW'
   WINADVAPI LONG WINAPI RegEnumKeyExW(HKEY hKey,DWORD dwIndex,LPWSTR lpName,LPDWORD lpcchName,LPDWORD lpReserved,LPWSTR lpClass,LPDWORD lpcchClass,PFILETIME lpftLastWriteTime);
                         ^
c:/Rtools/mingw_32/i686-w64-mingw32/include/winreg.h:166:25: error: expected ',' or ';' before 'RegEnumValueA'
   WINADVAPI LONG WINAPI RegEnumValueA(HKEY hKey,DWORD dwIndex,LPSTR lpValueName,LPDWORD lpcchValueName,LPDWORD lpReserved,LPDWORD lpType,LPBYTE lpData,LPDWORD lpcbData);
                         ^
c:/Rtools/mingw_32/i686-w64-mingw32/include/winreg.h:167:25: error: expected ',' or ';' before 'RegEnumValueW'
   WINADVAPI LONG WINAPI RegEnumValueW(HKEY hKey,DWORD dwIndex,LPWSTR lpValueName,LPDWORD lpcchValueName,LPDWORD lpReserved,LPDWORD lpType,LPBYTE lpData,LPDWORD lpcbData);
                         ^
c:/Rtools/mingw_32/i686-w64-mingw32/include/winreg.h:168:25: error: expected ',' or ';' before 'RegFlushKey'
   WINADVAPI LONG WINAPI RegFlushKey(HKEY hKey);
                         ^
c:/Rtools/mingw_32/i686-w64-mingw32/include/winreg.h:169:25: error: expected ',' or ';' before 'RegGetKeySecurity'
   WINADVAPI LONG WINAPI RegGetKeySecurity(HKEY hKey,SECURITY_INFORMATION SecurityInformation,PSECURITY_DESCRIPTOR pSecurityDescriptor,LPDWORD lpcbSecurityDescriptor);
                         ^
c:/Rtools/mingw_32/i686-w64-mingw32/include/winreg.h:170:25: error: expected ',' or ';' before 'RegLoadKeyA'
   WINADVAPI LONG WINAPI RegLoadKeyA(HKEY hKey,LPCSTR lpSubKey,LPCSTR lpFile);
                         ^
c:/Rtools/mingw_32/i686-w64-mingw32/include/winreg.h:171:25: error: expected ',' or ';' before 'RegLoadKeyW'
   WINADVAPI LONG WINAPI RegLoadKeyW(HKEY hKey,LPCWSTR lpSubKey,LPCWSTR lpFile);
                         ^
c:/Rtools/mingw_32/i686-w64-mingw32/include/winreg.h:172:25: error: expected ',' or ';' before 'RegNotifyChangeKeyValue'
   WINADVAPI LONG WINAPI RegNotifyChangeKeyValue(HKEY hKey,WINBOOL bWatchSubtree,DWORD dwNotifyFilter,HANDLE hEvent,WINBOOL fAsynchronous);
                         ^
c:/Rtools/mingw_32/i686-w64-mingw32/include/winreg.h:173:25: error: expected ',' or ';' before 'RegOpenKeyA'
   WINADVAPI LONG WINAPI RegOpenKeyA(HKEY hKey,LPCSTR lpSubKey,PHKEY phkResult);
                         ^
c:/Rtools/mingw_32/i686-w64-mingw32/include/winreg.h:174:25: error: expected ',' or ';' before 'RegOpenKeyW'
   WINADVAPI LONG WINAPI RegOpenKeyW(HKEY hKey,LPCWSTR lpSubKey,PHKEY phkResult);
                         ^
c:/Rtools/mingw_32/i686-w64-mingw32/include/winreg.h:175:25: error: expected ',' or ';' before 'RegOpenKeyExA'
   WINADVAPI LONG WINAPI RegOpenKeyExA(HKEY hKey,LPCSTR lpSubKey,DWORD ulOptions,REGSAM samDesired,PHKEY phkResult);
                         ^
c:/Rtools/mingw_32/i686-w64-mingw32/include/winreg.h:176:25: error: expected ',' or ';' before 'RegOpenKeyExW'
   WINADVAPI LONG WINAPI RegOpenKeyExW(HKEY hKey,LPCWSTR lpSubKey,DWORD ulOptions,REGSAM samDesired,PHKEY phkResult);
                         ^
c:/Rtools/mingw_32/i686-w64-mingw32/include/winreg.h:177:25: error: expected ',' or ';' before 'RegQueryInfoKeyA'
   WINADVAPI LONG WINAPI RegQueryInfoKeyA(HKEY hKey,LPSTR lpClass,LPDWORD lpcchClass,LPDWORD lpReserved,LPDWORD lpcSubKeys,LPDWORD lpcbMaxSubKeyLen,LPDWORD lpcbMaxClassLen,LPDWORD lpcValues,LPDWORD lpcbMaxValueNameLen,LPDWORD lpcbMaxValueLen,LPDWORD lpcbSecurityDescriptor,PFILETIME lpftLastWriteTime);
                         ^
In file included from c:/Rtools/mingw_32/i686-w64-mingw32/include/windows.h:76:0,
                 from conftest.c:27:
c:/Rtools/mingw_32/i686-w64-mingw32/include/winreg.h:178:25: error: expected ',' or ';' before 'RegQueryInfoKeyW'
   WINADVAPI LONG WINAPI RegQueryInfoKeyW(HKEY hKey,LPWSTR lpClass,LPDWORD lpcchClass,LPDWORD lpReserved,LPDWORD lpcSubKeys,LPDWORD lpcbMaxSubKeyLen,LPDWORD lpcbMaxClassLen,LPDWORD lpcValues,LPDWORD lpcbMaxValueNameLen,LPDWORD lpcbMaxValueLen,LPDWORD lpcbSecurityDescriptor,PFILETIME lpftLastWriteTime);
                         ^
c:/Rtools/mingw_32/i686-w64-mingw32/include/winreg.h:179:25: error: expected ',' or ';' before 'RegQueryValueA'
   WINADVAPI LONG WINAPI RegQueryValueA(HKEY hKey,LPCSTR lpSubKey,LPSTR lpData,PLONG lpcbData);
                         ^
c:/Rtools/mingw_32/i686-w64-mingw32/include/winreg.h:180:25: error: expected ',' or ';' before 'RegQueryValueW'
   WINADVAPI LONG WINAPI RegQueryValueW(HKEY hKey,LPCWSTR lpSubKey,LPWSTR lpData,PLONG lpcbData);
                         ^
c:/Rtools/mingw_32/i686-w64-mingw32/include/winreg.h:181:25: error: expected ',' or ';' before 'RegQueryMultipleValuesA'
   WINADVAPI LONG WINAPI RegQueryMultipleValuesA(HKEY hKey,PVALENTA val_list,DWORD num_vals,LPSTR lpValueBuf,LPDWORD ldwTotsize);
                         ^
c:/Rtools/mingw_32/i686-w64-mingw32/include/winreg.h:182:25: error: expected ',' or ';' before 'RegQueryMultipleValuesW'
   WINADVAPI LONG WINAPI RegQueryMultipleValuesW(HKEY hKey,PVALENTW val_list,DWORD num_vals,LPWSTR lpValueBuf,LPDWORD ldwTotsize);
                         ^
c:/Rtools/mingw_32/i686-w64-mingw32/include/winreg.h:183:25: error: expected ',' or ';' before 'RegQueryValueExA'
   WINADVAPI LONG WINAPI RegQueryValueExA(HKEY hKey,LPCSTR lpValueName,LPDWORD lpReserved,LPDWORD lpType,LPBYTE lpData,LPDWORD lpcbData);
                         ^
c:/Rtools/mingw_32/i686-w64-mingw32/include/winreg.h:184:25: error: expected ',' or ';' before 'RegQueryValueExW'
   WINADVAPI LONG WINAPI RegQueryValueExW(HKEY hKey,LPCWSTR lpValueName,LPDWORD lpReserved,LPDWORD lpType,LPBYTE lpData,LPDWORD lpcbData);
                         ^
c:/Rtools/mingw_32/i686-w64-mingw32/include/winreg.h:185:25: error: expected ',' or ';' before 'RegReplaceKeyA'
   WINADVAPI LONG WINAPI RegReplaceKeyA(HKEY hKey,LPCSTR lpSubKey,LPCSTR lpNewFile,LPCSTR lpOldFile);
                         ^
c:/Rtools/mingw_32/i686-w64-mingw32/include/winreg.h:186:25: error: expected ',' or ';' before 'RegReplaceKeyW'
   WINADVAPI LONG WINAPI RegReplaceKeyW(HKEY hKey,LPCWSTR lpSubKey,LPCWSTR lpNewFile,LPCWSTR lpOldFile);
                         ^
c:/Rtools/mingw_32/i686-w64-mingw32/include/winreg.h:187:25: error: expected ',' or ';' before 'RegRestoreKeyA'
   WINADVAPI LONG WINAPI RegRestoreKeyA(HKEY hKey,LPCSTR lpFile,DWORD dwFlags);
                         ^
c:/Rtools/mingw_32/i686-w64-mingw32/include/winreg.h:188:25: error: expected ',' or ';' before 'RegRestoreKeyW'
   WINADVAPI LONG WINAPI RegRestoreKeyW(HKEY hKey,LPCWSTR lpFile,DWORD dwFlags);
                         ^
c:/Rtools/mingw_32/i686-w64-mingw32/include/winreg.h:189:25: error: expected ',' or ';' before 'RegSaveKeyA'
   WINADVAPI LONG WINAPI RegSaveKeyA(HKEY hKey,LPCSTR lpFile,LPSECURITY_ATTRIBUTES lpSecurityAttributes);
                         ^
c:/Rtools/mingw_32/i686-w64-mingw32/include/winreg.h:190:25: error: expected ',' or ';' before 'RegSaveKeyW'
   WINADVAPI LONG WINAPI RegSaveKeyW(HKEY hKey,LPCWSTR lpFile,LPSECURITY_ATTRIBUTES lpSecurityAttributes);
                         ^
c:/Rtools/mingw_32/i686-w64-mingw32/include/winreg.h:191:25: error: expected ',' or ';' before 'RegSetKeySecurity'
   WINADVAPI LONG WINAPI RegSetKeySecurity(HKEY hKey,SECURITY_INFORMATION SecurityInformation,PSECURITY_DESCRIPTOR pSecurityDescriptor);
                         ^
c:/Rtools/mingw_32/i686-w64-mingw32/include/winreg.h:192:25: error: expected ',' or ';' before 'RegSetValueA'
   WINADVAPI LONG WINAPI RegSetValueA(HKEY hKey,LPCSTR lpSubKey,DWORD dwType,LPCSTR lpData,DWORD cbData);
                         ^
c:/Rtools/mingw_32/i686-w64-mingw32/include/winreg.h:193:25: error: expected ',' or ';' before 'RegSetValueW'
   WINADVAPI LONG WINAPI RegSetValueW(HKEY hKey,LPCWSTR lpSubKey,DWORD dwType,LPCWSTR lpData,DWORD cbData);
                         ^
c:/Rtools/mingw_32/i686-w64-mingw32/include/winreg.h:194:25: error: expected ',' or ';' before 'RegSetValueExA'
   WINADVAPI LONG WINAPI RegSetValueExA(HKEY hKey,LPCSTR lpValueName,DWORD Reserved,DWORD dwType,CONST BYTE *lpData,DWORD cbData);
                         ^
c:/Rtools/mingw_32/i686-w64-mingw32/include/winreg.h:195:25: error: expected ',' or ';' before 'RegSetValueExW'
   WINADVAPI LONG WINAPI RegSetValueExW(HKEY hKey,LPCWSTR lpValueName,DWORD Reserved,DWORD dwType,CONST BYTE *lpData,DWORD cbData);
                         ^
c:/Rtools/mingw_32/i686-w64-mingw32/include/winreg.h:196:25: error: expected ',' or ';' before 'RegUnLoadKeyA'
   WINADVAPI LONG WINAPI RegUnLoadKeyA(HKEY hKey,LPCSTR lpSubKey);
                         ^
c:/Rtools/mingw_32/i686-w64-mingw32/include/winreg.h:197:25: error: expected ',' or ';' before 'RegUnLoadKeyW'
   WINADVAPI LONG WINAPI RegUnLoadKeyW(HKEY hKey,LPCWSTR lpSubKey);
                         ^
c:/Rtools/mingw_32/i686-w64-mingw32/include/winreg.h:198:25: error: expected ',' or ';' before 'RegGetValueA'
   WINADVAPI LONG WINAPI RegGetValueA(HKEY hkey,LPCSTR lpSubKey,LPCSTR lpValue,DWORD dwFlags,LPDWORD pdwType,PVOID pvData,LPDWORD pcbData);
                         ^
c:/Rtools/mingw_32/i686-w64-mingw32/include/winreg.h:199:25: error: expected ',' or ';' before 'RegGetValueW'
   WINADVAPI LONG WINAPI RegGetValueW(HKEY hkey,LPCWSTR lpSubKey,LPCWSTR lpValue,DWORD dwFlags,LPDWORD pdwType,PVOID pvData,LPDWORD pcbData);
                         ^
In file included from c:/Rtools/mingw_32/i686-w64-mingw32/include/windows.h:76:0,
                 from conftest.c:27:
c:/Rtools/mingw_32/i686-w64-mingw32/include/winreg.h:224:25: error: expected ',' or ';' before 'RegSaveKeyExA'
   WINADVAPI LONG WINAPI RegSaveKeyExA(HKEY hKey,LPCSTR lpFile,LPSECURITY_ATTRIBUTES lpSecurityAttributes,DWORD Flags);
                         ^
c:/Rtools/mingw_32/i686-w64-mingw32/include/winreg.h:225:25: error: expected ',' or ';' before 'RegSaveKeyExW'
   WINADVAPI LONG WINAPI RegSaveKeyExW(HKEY hKey,LPCWSTR lpFile,LPSECURITY_ATTRIBUTES lpSecurityAttributes,DWORD Flags);
                         ^
c:/Rtools/mingw_32/i686-w64-mingw32/include/winreg.h:226:25: error: expected ',' or ';' before 'Wow64Win32ApiEntry'
   WINADVAPI LONG WINAPI Wow64Win32ApiEntry (DWORD dwFuncNumber,DWORD dwFlag,DWORD dwRes);
                         ^
In file included from c:/Rtools/mingw_32/i686-w64-mingw32/include/windows.h:130:0,
                 from conftest.c:27:
c:/Rtools/mingw_32/i686-w64-mingw32/include/imm.h:80:5: error: unknown type name 'CHAR'
     CHAR szDescription[STYLE_DESCRIPTION_SIZE];
     ^
c:/Rtools/mingw_32/i686-w64-mingw32/include/imm.h:103:5: error: unknown type name 'CHAR'
     CHAR szString[IMEMENUITEM_STRING_SIZE];
     ^
c:/Rtools/mingw_32/i686-w64-mingw32/include/imm.h:159:15: error: expected ',' or ';' before 'ImmGetCompositionStringA'
   LONG WINAPI ImmGetCompositionStringA(HIMC,DWORD,LPVOID,DWORD);
               ^
c:/Rtools/mingw_32/i686-w64-mingw32/include/imm.h:160:15: error: expected ',' or ';' before 'ImmGetCompositionStringW'
   LONG WINAPI ImmGetCompositionStringW(HIMC,DWORD,LPVOID,DWORD);
               ^
conftest.c: In function 'main':
conftest.c:34:3: error: unknown type name 'CHAR'
   CHAR c;
   ^
conftest.c:35:9: error: expected ';' before 's'
   SHORT s;
         ^
conftest.c:36:8: error: expected ';' before 'l'
   LONG l;
        ^
configure:4221: $? = 1
configure: failed program was:
| /* confdefs.h.  */
| 
| #define PACKAGE_NAME ""
| #define PACKAGE_TARNAME ""
| #define PACKAGE_VERSION ""
| #define PACKAGE_STRING ""
| #define PACKAGE_BUGREPORT ""
| #define STDC_HEADERS 1
| #define TCL_THREADS 1
| #define USE_THREAD_ALLOC 1
| #define TCL_CFGVAL_ENCODING "cp1252"
| #define HAVE_SYS_TYPES_H 1
| #define HAVE_SYS_STAT_H 1
| #define HAVE_STDLIB_H 1
| #define HAVE_STRING_H 1
| #define HAVE_MEMORY_H 1
| #define HAVE_STRINGS_H 1
| #define HAVE_INTTYPES_H 1
| #define HAVE_STDINT_H 1
| #define HAVE_UNISTD_H 1
| #define MODULE_SCOPE extern
| #define HAVE_NO_SEH 1
| /* end confdefs.h.  */
| 
| 		#define VOID void
| 		#define WIN32_LEAN_AND_MEAN
| 		#include <windows.h>
| 		#undef WIN32_LEAN_AND_MEAN
| 
| int
| main ()
| {
| 
| 		CHAR c;
| 		SHORT s;
| 		LONG l;
| 
|   ;
|   return 0;
| }
configure:4246: result: no
configure:4260: checking for cast to union support
configure:4284: gcc -c   conftest.c >&5
configure:4290: $? = 0
configure:4294: test -z 
			 || test ! -s conftest.err
configure:4297: $? = 0
configure:4300: test -s conftest.o
configure:4303: $? = 0
configure:4315: result: yes
configure:4399: checking for intptr_t
configure:4423: gcc -c   conftest.c >&5
configure:4429: $? = 0
configure:4433: test -z 
			 || test ! -s conftest.err
configure:4436: $? = 0
configure:4439: test -s conftest.o
configure:4442: $? = 0
configure:4453: result: yes
configure:4534: checking for uintptr_t
configure:4558: gcc -c   conftest.c >&5
configure:4564: $? = 0
configure:4568: test -z 
			 || test ! -s conftest.err
configure:4571: $? = 0
configure:4574: test -s conftest.o
configure:4577: $? = 0
configure:4588: result: yes
configure:4679: checking for FINDEX_INFO_LEVELS in winbase.h
configure:4707: gcc -c   conftest.c >&5
configure:4713: $? = 0
configure:4717: test -z 
			 || test ! -s conftest.err
configure:4720: $? = 0
configure:4723: test -s conftest.o
configure:4726: $? = 0
configure:4738: result: yes
configure:4750: checking for intrinsics support in compiler
configure:4778: gcc -o conftest.exe    conftest.c -lnetapi32 -lkernel32 -luser32 -ladvapi32 -lws2_32 >&5
C:\Users\adrian\AppData\Local\Temp\cc1jb7Qk.o:conftest.c:(.text+0x26): undefined reference to `__cpuidex'
collect2.exe: error: ld returned 1 exit status
configure:4784: $? = 1
configure: failed program was:
| /* confdefs.h.  */
| 
| #define PACKAGE_NAME ""
| #define PACKAGE_TARNAME ""
| #define PACKAGE_VERSION ""
| #define PACKAGE_STRING ""
| #define PACKAGE_BUGREPORT ""
| #define STDC_HEADERS 1
| #define TCL_THREADS 1
| #define USE_THREAD_ALLOC 1
| #define TCL_CFGVAL_ENCODING "cp1252"
| #define HAVE_SYS_TYPES_H 1
| #define HAVE_SYS_STAT_H 1
| #define HAVE_STDLIB_H 1
| #define HAVE_STRING_H 1
| #define HAVE_MEMORY_H 1
| #define HAVE_STRINGS_H 1
| #define HAVE_INTTYPES_H 1
| #define HAVE_STDINT_H 1
| #define HAVE_UNISTD_H 1
| #define MODULE_SCOPE extern
| #define HAVE_NO_SEH 1
| #define HAVE_CAST_TO_UNION 1
| #define HAVE_ZLIB 1
| #define HAVE_INTPTR_T 1
| #define HAVE_UINTPTR_T 1
| /* end confdefs.h.  */
| 
| #define WIN32_LEAN_AND_MEAN
| #include <windows.h>
| #undef WIN32_LEAN_AND_MEAN
| #include <intrin.h>
| 
| int
| main ()
| {
| 
|   __cpuidex(0,0,0);
| 
|   ;
|   return 0;
| }
configure:4810: result: no
configure:4822: checking for wspiapi.h
configure:4845: gcc -c   conftest.c >&5
configure:4851: $? = 0
configure:4855: test -z 
			 || test ! -s conftest.err
configure:4858: $? = 0
configure:4861: test -s conftest.o
configure:4864: $? = 0
configure:4876: result: yes
configure:4890: checking for FINDEX_INFO_LEVELS in winbase.h
configure:4949: result: yes
configure:4966: checking for build with symbols
configure:4985: result: no
configure:5043: checking whether to embed manifest
configure:5091: result: no
configure:5405: creating ./config.status

## ---------------------- ##
## Running config.status. ##
## ---------------------- ##

This file was extended by config.status, which was
generated by GNU Autoconf 2.59.  Invocation command line was

  CONFIG_FILES    = 
  CONFIG_HEADERS  = 
  CONFIG_LINKS    = 
  CONFIG_COMMANDS = 
  $ ./config.status 

on winhera

config.status:730: creating Makefile
config.status:730: creating tclConfig.sh
config.status:730: creating tcl.hpj
config.status:730: creating tclsh.exe.manifest

## ---------------- ##
## Cache variables. ##
## ---------------- ##

ac_cv_c_compiler_gnu=yes
ac_cv_c_inline=inline
ac_cv_cross=no
ac_cv_env_CC_set=
ac_cv_env_CC_value=
ac_cv_env_CFLAGS_set=
ac_cv_env_CFLAGS_value=
ac_cv_env_CPPFLAGS_set=
ac_cv_env_CPPFLAGS_value=
ac_cv_env_CPP_set=
ac_cv_env_CPP_value=
ac_cv_env_LDFLAGS_set=
ac_cv_env_LDFLAGS_value=
ac_cv_env_build_alias_set=
ac_cv_env_build_alias_value=
ac_cv_env_host_alias_set=
ac_cv_env_host_alias_value=
ac_cv_env_target_alias_set=
ac_cv_env_target_alias_value=
ac_cv_exeext=.exe
ac_cv_header_inttypes_h=yes
ac_cv_header_memory_h=yes
ac_cv_header_stdc=yes
ac_cv_header_stdint_h=yes
ac_cv_header_stdlib_h=yes
ac_cv_header_string_h=yes
ac_cv_header_strings_h=yes
ac_cv_header_sys_stat_h=yes
ac_cv_header_sys_types_h=yes
ac_cv_header_unistd_h=yes
ac_cv_municode=yes
ac_cv_objext=o
ac_cv_prog_CPP='gcc -E'
ac_cv_prog_CYGPATH=echo
ac_cv_prog_ac_ct_AR=ar
ac_cv_prog_ac_ct_CC=gcc
ac_cv_prog_ac_ct_RANLIB=ranlib
ac_cv_prog_ac_ct_RC=windres
ac_cv_prog_cc_g=yes
ac_cv_prog_cc_stdc=
ac_cv_prog_egrep='grep -E'
ac_cv_prog_make_make_set=yes
ac_cv_type_intptr_t=yes
ac_cv_type_uintptr_t=yes
ac_cv_win32=yes
tcl_cv_cast_to_union=yes
tcl_cv_eh_disposition=yes
tcl_cv_findex_enums=yes
tcl_cv_intrinsics=no
tcl_cv_seh=no
tcl_cv_winnt_ignore_void=no
tcl_cv_wspiapi_h=yes

## ----------------- ##
## Output variables. ##
## ----------------- ##

AR='ar'
CC='gcc'
CC_EXENAME='-o $@'
CC_OBJNAME='-o $@'
CELIB_DIR='NO_CELIB'
CFG_TCL_EXPORT_FILE_SUFFIX='${NODOT_VERSION}${DBGX}.a'
CFG_TCL_SHARED_LIB_SUFFIX='${NODOT_VERSION}${DBGX}.dll'
CFG_TCL_UNSHARED_LIB_SUFFIX='${NODOT_VERSION}${DBGX}.a'
CFLAGS=''
CFLAGS_DEBUG='-g'
CFLAGS_DEFAULT='$(CFLAGS_OPTIMIZE)'
CFLAGS_OPTIMIZE='-O2 -fomit-frame-pointer'
CFLAGS_WARNING='-Wall -Wdeclaration-after-statement'
CPP='gcc -E'
CPPFLAGS=''
CYGPATH='echo'
DEFS='-DPACKAGE_NAME=\"\" -DPACKAGE_TARNAME=\"\" -DPACKAGE_VERSION=\"\" -DPACKAGE_STRING=\"\" -DPACKAGE_BUGREPORT=\"\" -DSTDC_HEADERS=1 -DTCL_THREADS=1 -DUSE_THREAD_ALLOC=1 -DTCL_CFGVAL_ENCODING=\"cp1252\" -DHAVE_SYS_TYPES_H=1 -DHAVE_SYS_STAT_H=1 -DHAVE_STDLIB_H=1 -DHAVE_STRING_H=1 -DHAVE_MEMORY_H=1 -DHAVE_STRINGS_H=1 -DHAVE_INTTYPES_H=1 -DHAVE_STDINT_H=1 -DHAVE_UNISTD_H=1 -DMODULE_SCOPE=extern -DHAVE_NO_SEH=1 -DHAVE_CAST_TO_UNION=1 -DHAVE_ZLIB=1 -DHAVE_INTPTR_T=1 -DHAVE_UINTPTR_T=1 -DHAVE_WSPIAPI_H=1 -DNDEBUG=1 -DTCL_CFG_OPTIMIZED=1 '
DEPARG='"$<"'
DLLSUFFIX='.dll'
DL_LIBS=''
ECHO_C=''
ECHO_N='-n'
ECHO_T=''
EGREP='grep -E'
EXEEXT='.exe'
EXESUFFIX='.exe'
EXTRA_CFLAGS='-pipe'
LDFLAGS=''
LDFLAGS_CONSOLE='-mconsole -pipe -static-libgcc -municode'
LDFLAGS_DEBUG=''
LDFLAGS_DEFAULT='$(LDFLAGS_OPTIMIZE)'
LDFLAGS_OPTIMIZE=''
LDFLAGS_WINDOW='-mwindows -pipe -static-libgcc -municode'
LIBOBJS=''
LIBPREFIX='lib'
LIBRARIES='${SHARED_LIBRARIES}'
LIBS='-lnetapi32 -lkernel32 -luser32 -ladvapi32 -lws2_32'
LIBSUFFIX='.a'
LIBS_GUI='-lgdi32 -lcomdlg32 -limm32 -lcomctl32 -lshell32 -luuid -lole32 -loleaut32'
LTLIBOBJS=''
MACHINE='X86'
MAKE_DLL='${SHLIB_LD} $(LDFLAGS) -o $@ -pipe -static-libgcc -municode 	    -Wl,--out-implib,$(patsubst %.dll,lib%.a,$@)'
MAKE_EXE='${CC} -o $@'
MAKE_LIB='${STLIB_LD} $@'
MAKE_STUB_LIB='${STLIB_LD} $@'
OBJEXT='o'
PACKAGE_BUGREPORT=''
PACKAGE_NAME=''
PACKAGE_STRING=''
PACKAGE_TARNAME=''
PACKAGE_VERSION=''
PATH_SEPARATOR=':'
PKG_CFG_ARGS='--prefix=/c/buildMsys/build32/Tcl'
POST_MAKE_LIB='${RANLIB} $@'
RANLIB='ranlib'
RC='windres'
RC_DEFINE='--define'
RC_DEFINES=''
RC_INCLUDE='--include'
RC_OUT='-o'
RC_TYPE=''
RES='res.o'
SET_MAKE=''
SHELL='/bin/sh'
SHLIB_CFLAGS=''
SHLIB_LD='${CC} -shared'
SHLIB_LD_LIBS='${LIBS}'
SHLIB_SUFFIX='.dll'
STLIB_LD='${AR} cr'
TCL_BIN_DIR=''
TCL_BUILD_EXP_FILE=''
TCL_BUILD_LIB_SPEC='-L/c/buildMsys/build32/tcl8.6.4/win -ltcl86'
TCL_BUILD_STUB_LIB_PATH='/c/buildMsys/build32/tcl8.6.4/win/libtclstub86.a'
TCL_BUILD_STUB_LIB_SPEC='-L/c/buildMsys/build32/tcl8.6.4/win -ltclstub86'
TCL_DBGX=''
TCL_DDE_MAJOR_VERSION='1'
TCL_DDE_MINOR_VERSION='4'
TCL_DDE_VERSION='1.4'
TCL_DLL_FILE='tcl86.dll'
TCL_EXE='TCL_LIBRARY="${LIBRARY_DIR}"; export TCL_LIBRARY; ./${TCLSH}'
TCL_EXP_FILE=''
TCL_IMPORT_LIB_FILE=''
TCL_IMPORT_LIB_FLAG=''
TCL_INCLUDE_SPEC='-I/c/buildMsys/build32/Tcl/include'
TCL_LD_SEARCH_FLAGS=''
TCL_LIB_FILE='libtcl86.a'
TCL_LIB_FLAG=''
TCL_LIB_SPEC='-L/c/buildMsys/build32/Tcl/lib -ltcl86'
TCL_LIB_VERSIONS_OK=''
TCL_MAJOR_VERSION='8'
TCL_MINOR_VERSION='6'
TCL_NEEDS_EXP_FILE=''
TCL_PACKAGE_PATH='/c/buildMsys/build32/Tcl/lib'
TCL_PATCH_LEVEL='.4'
TCL_REG_MAJOR_VERSION='1'
TCL_REG_MINOR_VERSION='3'
TCL_REG_VERSION='1.3'
TCL_SHARED_BUILD='1'
TCL_SRC_DIR='/c/buildMsys/build32/tcl8.6.4'
TCL_STATIC_LIB_FILE=''
TCL_STATIC_LIB_FLAG=''
TCL_STUB_LIB_FILE='libtclstub86.a'
TCL_STUB_LIB_FLAG='-ltclstub86'
TCL_STUB_LIB_PATH='/c/buildMsys/build32/Tcl/lib/libtclstub86.a'
TCL_STUB_LIB_SPEC='-L/c/buildMsys/build32/Tcl/lib -ltclstub86'
TCL_THREADS='1'
TCL_VERSION='8.6'
TCL_WIN_VERSION='8.6.2.4'
VC_MANIFEST_EMBED_DLL=''
VC_MANIFEST_EMBED_EXE=''
ZLIB_DLL_FILE='${ZLIB_DLL_FILE}'
ZLIB_LIBS='${ZLIB_DIR}/win32/zdll.lib'
ZLIB_OBJS=''
ac_ct_AR='ar'
ac_ct_CC='gcc'
ac_ct_RANLIB='ranlib'
ac_ct_RC='windres'
bindir='${exec_prefix}/bin'
build_alias=''
datadir='${prefix}/share'
exec_prefix='/c/buildMsys/build32/Tcl'
host_alias=''
includedir='${prefix}/include'
infodir='${prefix}/info'
libdir='/c/buildMsys/build32/Tcl/lib'
libexecdir='${exec_prefix}/libexec'
localstatedir='${prefix}/var'
mandir='${prefix}/man'
oldincludedir='/usr/include'
prefix='/c/buildMsys/build32/Tcl'
program_transform_name='s,x,x,'
sbindir='${exec_prefix}/sbin'
sharedstatedir='${prefix}/com'
sysconfdir='${prefix}/etc'
target_alias=''

## ----------- ##
## confdefs.h. ##
## ----------- ##

#define HAVE_CAST_TO_UNION 1
#define HAVE_INTPTR_T 1
#define HAVE_INTTYPES_H 1
#define HAVE_MEMORY_H 1
#define HAVE_NO_SEH 1
#define HAVE_STDINT_H 1
#define HAVE_STDLIB_H 1
#define HAVE_STRINGS_H 1
#define HAVE_STRING_H 1
#define HAVE_SYS_STAT_H 1
#define HAVE_SYS_TYPES_H 1
#define HAVE_UINTPTR_T 1
#define HAVE_UNISTD_H 1
#define HAVE_WSPIAPI_H 1
#define HAVE_ZLIB 1
#define MODULE_SCOPE extern
#define NDEBUG 1
#define PACKAGE_BUGREPORT ""
#define PACKAGE_NAME ""
#define PACKAGE_STRING ""
#define PACKAGE_TARNAME ""
#define PACKAGE_VERSION ""
#define STDC_HEADERS 1
#define TCL_CFGVAL_ENCODING "cp1252"
#define TCL_CFG_OPTIMIZED 1
#define TCL_THREADS 1
#define USE_THREAD_ALLOC 1

configure: exit 0
